"swarm parameters at initialization:"
  {{1.4035787319099158, 1.4440002775117016, 0.97527532760435}, 
   {1.3254038626536488, 1.2353315815634716, 0.13100466128277022}}
"outputFromOuterPSO with considering the all function"
"Complete output from outer PSO : "
  {{1.0325262658470318, 1.2254169216718727, 0.4702952194479404}, 
   {{1.2621725520115379, 1.1710625075082297, 0.3989099174767573}, 
    {1.4546099869703717, 1.434305631226199, 0.7612085013343641}, 
    {1.4546099869703717, 1.434305631226199, 0.7612085013343641}, 
    {1.4546099869703717, 1.434305631226199, 0.7612085013343641}, 
    {1.0325262658470318, 1.2254169216718727, 0.4702952194479404}}, 
   {10183.03345950694, 10183.03345950694, 10183.03345950694, 
    10183.03345950694, 10183.03345950694}, 
   {10183.03345950694, 14900.542743489925}, 
   {{1.0325262658470318, 1.2254169216718727, 0.4702952194479404}, 
    {1.408683053964062, 1.3694362681016128, 0.7322698533270929}}}
"History of best pts value : "{10183.03345950694, 10183.03345950694, 
   10183.03345950694, 10183.03345950694, 10183.03345950694}
"Pts values at all positions : "{10183.03345950694, 14900.542743489925}
"Minimum value of pts detected : "10183.03345950694
"Position of best pts value particle in the swarm : "{{1}}
"all parameters position : "{{1.0325262658470318, 1.2254169216718727, 
    0.4702952194479404}, {1.408683053964062, 1.3694362681016128, 
    0.7322698533270929}}
"Parameters for minimun values of pts : "
  {1.0325262658470318, 1.2254169216718727, 0.4702952194479404}
"----------Section with calculation of min pts using set of test \
functions---------"
"function range for u values ="{-5, 5}
"swarm parameters at initialization:"
  {{1.0202769866792787, 1.280942983744582, 0.27587577564523613}, 
   {1.149819558048267, 1.22975815182207, 0.21901576317110383}, 
   {1.141775075995307, 1.0339128441331062, 0.0013703467833967586}, 
   {1.3331673331749432, 1.1301942667447533, 0.8102035512371566}, 
   {1.034517343953771, 1.0228750672127567, 0.10239975628012576}, 
   {1.1158959699366582, 1.4205918014452565, 0.15469557304711445}, 
   {1.2343914358115748, 1.2559648239556807, 0.21127728429570625}, 
   {1.0803934655067806, 1.1121829848167755, 0.4769209509748027}, 
   {1.121659403274252, 1.0410992905198482, 0.743598026493637}, 
   {1.4769050970627902, 1.3945497831857667, 0.2022415609408914}, 
   {1.299353875567323, 1.4680704891982734, 0.19207809977639534}, 
   {1.1270845597805308, 1.04988546891909, 0.7179756723722921}, 
   {1.4155025608061163, 1.2263280084554118, 0.13328530752772982}, 
   {1.0770858804477617, 1.1431607047028138, 0.9084333542072065}, 
   {1.3500642571741905, 1.399507165313279, 0.4660851970149744}, 
   {1.4410661174288935, 1.3109474697968009, 0.5434690807936111}, 
   {1.0073960908498143, 1.0398360033360246, 0.2325290609814794}, 
   {1.2601769741159052, 1.0367055465168962, 0.19416955005258418}, 
   {1.3307097174909597, 1.4349747113784366, 0.019219565646663384}, 
   {1.457132239165774, 1.2167145175526062, 0.18069014283512597}, 
   {1.057919516149992, 1.3139842843220118, 0.04983430548137746}, 
   {1.0435194262602665, 1.3106308506724778, 0.9572991986879602}, 
   {1.2754404687863872, 1.1407175846836717, 0.8379136843813975}, 
   {1.0092316125269136, 1.0818290717069372, 0.2459426524215167}, 
   {1.2405479070406273, 1.035613870573044, 0.04681525941939935}, 
   {1.1718021319960554, 1.1464078417518633, 0.619649283318737}, 
   {1.1238919296317698, 1.0750705156986844, 0.19931353429123}, 
   {1.1864070849153774, 1.3680339043572851, 0.6014016173344856}, 
   {1.1170131143355353, 1.3695223495226267, 0.740062162054822}, 
   {1.1941985225777023, 1.1792793332917215, 0.3658865729784615}}
"function range for u values ="{-5, 5}
"swarm parameters at initialization:"
  {{1.010943715371474, 1.322904359038025, 0.9340286094442811}, 
   {1.3830959821546083, 1.382092233454053, 0.7400864756170864}, 
   {1.3413674965421958, 1.1163164034695672, 0.7343431066091868}, 
   {1.0689947707046725, 1.2237784843377848, 0.3247333972807265}, 
   {1.189981980456933, 1.0535758454573187, 0.3431140971811313}, 
   {1.0567416292494511, 1.2364440557576888, 0.024633389000723316}, 
   {1.491619534585166, 1.3531174737853804, 0.8856016788334276}, 
   {1.3554731734309922, 1.173474973836564, 0.551806352392483}, 
   {1.2251754595641617, 1.4245319280441158, 0.6291952410144066}, 
   {1.2200641550677584, 1.3721320550543032, 0.412031094852116}, 
   {1.3496273172903526, 1.4165493950041346, 0.011331679287365004}, 
   {1.1593843819883038, 1.3242249020779175, 0.6053805182736454}, 
   {1.072455725151588, 1.4157252706469516, 0.18094968636270736}, 
   {1.2859601168962342, 1.0139768058978786, 0.11291494323462459}, 
   {1.192771138347125, 1.0634912711680848, 0.9460740180953242}, 
   {1.226162770834085, 1.4790794340470366, 0.7576378236627099}, 
   {1.3547442318938483, 1.3921282793936098, 0.6690333925660645}, 
   {1.1472969121803018, 1.2182964983088391, 0.5975012179459775}, 
   {1.3542314178014694, 1.3424290990802867, 0.3803913899716076}, 
   {1.1823596629310607, 1.2084174232990543, 0.680091595558614}, 
   {1.296296026262348, 1.4702374803039107, 0.7207042092212552}, 
   {1.3517039900342753, 1.3957922730225072, 0.0870970056174043}, 
   {1.128983945749679, 1.2384364195853965, 0.8371757456254245}, 
   {1.3659487132401007, 1.0062894484351816, 0.6515229188129619}, 
   {1.4710732661527826, 1.246874763634854, 0.4262610768967634}, 
   {1.0867028230449791, 1.2719043020168077, 0.4495509983081565}, 
   {1.2467465814667675, 1.4993401651042095, 0.8910529643177567}, 
   {1.072338909405797, 1.4476960468922038, 0.08371098312519343}, 
   {1.2387578754660504, 1.091480605024185, 0.4181643641744339}, 
   {1.2539166812100822, 1.103333905776423, 0.7986824554657985}}
"function range for u values ="{0, 5}
"swarm parameters at initialization:"
  {{1.2314161899836733, 1.4502337389010576, 0.678379430745695}, 
   {1.0643976395946666, 1.425738976181681, 0.3353658507302637}, 
   {1.068898786882131, 1.1946827054615605, 0.07911825886607926}, 
   {1.3166482043657106, 1.0651205775267196, 0.8435416929593298}, 
   {1.4347813922561703, 1.4381342910421564, 0.08974162379144635}, 
   {1.1642253499103696, 1.316203538736747, 0.18831607533814543}, 
   {1.3263663577946185, 1.0719975733450522, 0.47626189486666637}, 
   {1.2743806333692986, 1.3658367486092087, 0.4340550621325596}, 
   {1.466982674195191, 1.0245785165368912, 0.3960762653213894}, 
   {1.0421754305049227, 1.2933082876590587, 0.46195360127638363}, 
   {1.2177103064820813, 1.4466473143600738, 0.38597991981021207}, 
   {1.1095138436308427, 1.4074783639357518, 0.3592674277877914}, 
   {1.103001460028369, 1.1082760102815623, 0.906419846036044}, 
   {1.3844918947295346, 1.4139933108988403, 0.33516446256415877}, 
   {1.1800884517871006, 1.137826661296871, 0.2860285007701986}, 
   {1.463360268468986, 1.2093532806144842, 0.6988979715405073}, 
   {1.1462959314061687, 1.0927313158088363, 0.5103619455780519}, 
   {1.2404213791685774, 1.42311730111692, 0.5004442690631776}, 
   {1.3796360496197049, 1.0517821782438495, 0.678061575341558}, 
   {1.266783099395699, 1.4907062153907416, 0.34729067169440553}, 
   {1.4397789280644435, 1.1823787433489277, 0.5651120821431117}, 
   {1.2953814151319087, 1.3020900853647062, 0.44043674997536875}, 
   {1.076630397898621, 1.1300697175088417, 0.688872358767205}, 
   {1.2369512087249124, 1.250123184277106, 0.1725671315327093}, 
   {1.0790702356986746, 1.0556219127658248, 0.32443067638307865}, 
   {1.407731492330524, 1.398606528709502, 0.952765179507723}, 
   {1.2325939346708217, 1.1747431950701266, 0.5296809218530181}, 
   {1.2904046914508815, 1.1824646990796652, 0.13144082077562724}, 
   {1.208784309187764, 1.024911788850459, 0.7498518824263467}, 
   {1.404018002746224, 1.1964294510988274, 0.013977783782365139}}
"function range for u values ="{-5, 5}
"swarm parameters at initialization:"
  {{1.3957068037416613, 1.2849705126473547, 0.9142652039634718}, 
   {1.4637210021107614, 1.1856193010175047, 0.3524289175163129}, 
   {1.2632694325639067, 1.483593912598404, 0.0712846368075215}, 
   {1.2976948277884854, 1.4973767437096814, 0.41534177352204726}, 
   {1.1426535821397161, 1.055142449577204, 0.5836017626799985}, 
   {1.1259756399006158, 1.4582221692982844, 0.410124766718718}, 
   {1.093346547234057, 1.3337574340493557, 0.25013833804570895}, 
   {1.2189873472490467, 1.3010043606981685, 0.3119365096275635}, 
   {1.1463450734284706, 1.2105994601001138, 0.22283620613409028}, 
   {1.3170143198648006, 1.2795445423755187, 0.4283475135851642}, 
   {1.0196329544552138, 1.4101693571591645, 0.06849518325658321}, 
   {1.3755239922648568, 1.3000305437331157, 0.49378318532958865}, 
   {1.1460123324142912, 1.296785795473478, 0.6318648099907316}, 
   {1.3293882221936988, 1.4823205600134175, 0.04551913294837595}, 
   {1.4179011499897984, 1.0719614898633787, 0.10390678859696934}, 
   {1.4751422419390898, 1.1733032668433268, 0.6021030463681132}, 
   {1.2341787418447017, 1.4304968957442992, 0.3433845577459895}, 
   {1.2746363955378388, 1.1996660433901118, 0.14280820737992816}, 
   {1.1346089858843222, 1.0647889022513124, 0.44374937992047814}, 
   {1.098360217321642, 1.2716122274723114, 0.4249306912888675}, 
   {1.3392041017434988, 1.4565874090732298, 0.8702791018819891}, 
   {1.3610825252088181, 1.1967026894659494, 0.4992307986915048}, 
   {1.0967739171714057, 1.3109462963611822, 0.8393024784034893}, 
   {1.1249985455721743, 1.139020719234919, 0.3902638096771036}, 
   {1.393546136396639, 1.2916297989199572, 0.9316692201530712}, 
   {1.0761043388453473, 1.0433061416788378, 0.15955743358861119}, 
   {1.143537366982063, 1.4838940548772412, 0.28038240490451494}, 
   {1.409942994890003, 1.3452557216891108, 0.8492787767043153}, 
   {1.3238923331315302, 1.2543120276723494, 0.7455736693844568}, 
   {1.2834683406956935, 1.1834023396768094, 0.03541510143760829}}
"function range for u values ="{-5, 5}
"swarm parameters at initialization:"
  {{1.2458815842485418, 1.3009889473318368, 0.8684146182103121}, 
   {1.483246002769767, 1.4486288823081976, 0.8055394836863208}, 
   {1.4283007102820875, 1.3217645220557153, 0.001202954283419766}, 
   {1.1001414852647877, 1.4059519045230622, 0.14221256536077886}, 
   {1.3293291062003103, 1.3363375309489713, 0.44472549152866203}, 
   {1.0016126165582584, 1.07548711410664, 0.5802872247797828}, 
   {1.3280865680397373, 1.334179553242985, 0.8800445523881886}, 
   {1.0829544712513255, 1.31040463567949, 0.5155749885691927}, 
   {1.0266449507138753, 1.2805234401290233, 0.6299301282253662}, 
   {1.35083613602423, 1.400267696174767, 0.24000750262672077}, 
   {1.4564543276706972, 1.1417924338270007, 0.9937053068481503}, 
   {1.3086590670852303, 1.3789352407583677, 0.9264357812232287}, 
   {1.3317066974989338, 1.237137347111314, 0.26652027922196253}, 
   {1.4586570858806864, 1.0711112882038483, 0.3216784309888825}, 
   {1.290283716400972, 1.377853327392777, 0.3875059859525245}, 
   {1.3404827191514634, 1.337766228875458, 0.5181012588367431}, 
   {1.4280748463839468, 1.330905453372292, 0.8828989466873842}, 
   {1.3064822039395727, 1.475102224779862, 0.3376371543549288}, 
   {1.189430721284145, 1.0073427400864703, 0.15860792308529326}, 
   {1.392024855001266, 1.4946629671513834, 0.6087011216501101}, 
   {1.054851627918052, 1.4238011599556242, 0.7856644585634822}, 
   {1.0815595946825047, 1.0690288610315832, 0.1618633859139853}, 
   {1.130366459538188, 1.1486387128994469, 0.15580754159502863}, 
   {1.3744737414796055, 1.0904279435050994, 0.9191265413277401}, 
   {1.4952515744994002, 1.4111032614183925, 0.9490745300832413}, 
   {1.1402113518403398, 1.3416036712455601, 0.8387084599398353}, 
   {1.2438417491581895, 1.3150489049038883, 0.16258861572343952}, 
   {1.4265911527888369, 1.0020115110745822, 0.4472949006036717}, 
   {1.3633795111940001, 1.3947946516534433, 0.5883016924774203}, 
   {1.1319478491970498, 1.4804727975182046, 0.5460669675569667}}
"function range for u values ="{-5, 5}
"swarm parameters at initialization:"
  {{1.4757586046181368, 1.47726068322902, 0.43282827623368125}, 
   {1.0267682308513069, 1.1377961814324706, 0.14348858696932631}, 
   {1.438538556930098, 1.1430528904160302, 0.9446490290170233}, 
   {1.2076551633894534, 1.4681893497241663, 0.6923317618012135}, 
   {1.3707198100273934, 1.4314670823473594, 0.84523281674288}, 
   {1.1540208305168236, 1.3431694021359624, 0.020636906829374135}, 
   {1.064834374559303, 1.1770135686554184, 0.06707085506046306}, 
   {1.1650242549265761, 1.429963413843978, 0.9571970148432254}, 
   {1.413132697134083, 1.4347044204295978, 0.27160964696048784}, 
   {1.1302620593831714, 1.104637822097541, 0.8901082798451345}, 
   {1.0163885431485777, 1.2816689937469876, 0.7583213179133772}, 
   {1.4083369671731996, 1.1948899717498032, 0.6619432103937599}, 
   {1.4197254468388012, 1.1128007347105666, 0.5726545969361487}, 
   {1.3553001277134995, 1.0550695901131464, 0.1731587473472731}, 
   {1.0968454624462858, 1.051115392505896, 0.5583216774938495}, 
   {1.3775833375060182, 1.3291685795393173, 0.0016536908146529417}, 
   {1.4527920213606649, 1.0560694656056944, 0.64932913012381}, 
   {1.0692332981673551, 1.011465162126176, 0.6736558548098974}, 
   {1.222902784227864, 1.1581372159805035, 0.6409286776772538}, 
   {1.1663623937886336, 1.4347809953963857, 0.8719319853343042}, 
   {1.0571597691035122, 1.3112419585152502, 0.40978470080292295}, 
   {1.0526447361686422, 1.3074599434651457, 0.04153480238403939}, 
   {1.0974216521554565, 1.343614166747334, 0.6793371019191332}, 
   {1.2644801318390178, 1.4701749126665598, 0.11259158639864086}, 
   {1.3674586487645686, 1.1383973597992745, 0.9401988774403696}, 
   {1.0756828911554759, 1.0726311691412114, 0.1942869582088873}, 
   {1.3660253925561427, 1.0713698736504764, 0.03206248233145459}, 
   {1.028396716789152, 1.0537284542086183, 0.12888144022540304}, 
   {1.3631793348023542, 1.493916993953675, 0.8282979115694813}, 
   {1.0123512911500556, 1.482196660431812, 0.7640800847690368}}
"function range for u values ="{-5, 5}
"swarm parameters at initialization:"
  {{1.3517323160133765, 1.0116511201493559, 0.6404397806319018}, 
   {1.4293293212122196, 1.147259582472525, 0.28718678616599536}, 
   {1.4780941751501127, 1.3134683695290499, 0.3911325053299486}, 
   {1.059189514434572, 1.4638491736053065, 0.7554876520149145}, 
   {1.4519654767977386, 1.2950465393098907, 0.5898592170154446}, 
   {1.1558962166193116, 1.3060451660903079, 0.12559409083765405}, 
   {1.2554189300346337, 1.4276646720398967, 0.6383028391724506}, 
   {1.035227783760288, 1.2868856201398158, 0.3099441250361472}, 
   {1.2066423592659543, 1.0993992173210643, 0.7155663105489283}, 
   {1.1797923407024813, 1.4326945778481897, 0.7054069763777129}, 
   {1.417483906739631, 1.0939467543476966, 0.5065478042701479}, 
   {1.3838082670437535, 1.3688998726658692, 0.7449859278340383}, 
   {1.2003610739674881, 1.432579050667429, 0.7154800160166606}, 
   {1.1876643143929189, 1.2614451981065327, 0.17840627882821747}, 
   {1.0015839645844646, 1.093998834913903, 0.8508721226308551}, 
   {1.044485779636847, 1.4988454631497197, 0.9025823425719934}, 
   {1.4606142624074878, 1.2213556895507405, 0.10172221095837619}, 
   {1.0858542604129462, 1.489381286599191, 0.3353084843626626}, 
   {1.158096967338282, 1.2368723178557124, 0.5276287100256241}, 
   {1.0638882980474555, 1.1998433026147226, 0.03164491681568782}, 
   {1.3037616043355345, 1.1445885251733885, 0.06597123403867466}, 
   {1.087660126348007, 1.3497969719534364, 0.5353632783604421}, 
   {1.1312217552345314, 1.2457576722825248, 0.042026699115738086}, 
   {1.4720980090415574, 1.3054961955127755, 0.6768865752604643}, 
   {1.4105180824585632, 1.3531292627872915, 0.26525837838825717}, 
   {1.1371085154293223, 1.0540303984830177, 0.053779773544784026}, 
   {1.1869892859008782, 1.4575026093687404, 0.03527204670387252}, 
   {1.4851872144748237, 1.3957888424645741, 0.8147413462428839}, 
   {1.3976162159683314, 1.0851032107738503, 0.4314056919830611}, 
   {1.2818826486686943, 1.1434045157980663, 0.15863194622422583}}
"fun7 produced the minimum value of pts"
{1.2161557120126778, 1.0228410058230473, 0.3203131989470498}
4098.873547770727
