"swarm parameters at initialization:"
  {{1.335419176880368, 1.2536444208094673, 0.1571292363188581}, 
   {1.358062617492143, 1.3722117877170246, 0.49823386945159176}}
"outputFromOuterPSO with considering the all function"
"Complete output from outer PSO : "
  {{1.358062617492143, 1.3722117877170246, 0.49823386945159176}, 
   {{1.358062617492143, 1.3722117877170246, 0.49823386945159176}, 
    {1.358062617492143, 1.3722117877170246, 0.49823386945159176}, 
    {1.358062617492143, 1.3722117877170246, 0.49823386945159176}, 
    {1.358062617492143, 1.3722117877170246, 0.49823386945159176}, 
    {1.358062617492143, 1.3722117877170246, 0.49823386945159176}}, 
   {11240.91301183216, 11240.91301183216, 11240.91301183216, 
    11240.91301183216, 11240.91301183216}, 
   {19199.217980803118, 14835.310218608494}, 
   {{1.201904680486441, 1.4009580435550302, 0.9518466131307293}, 
    {1.0876095349170676, 1.2033130163191181, 0.4935646563072703}}}
"History of best pts value : "{11240.91301183216, 11240.91301183216, 
   11240.91301183216, 11240.91301183216, 11240.91301183216}
"Pts values at all positions : "{19199.217980803118, 14835.310218608494}
"Minimum value of pts detected : "14835.310218608494
"Position of best pts value particle in the swarm : "{{2}}
"all parameters position : "{{1.201904680486441, 1.4009580435550302, 
    0.9518466131307293}, {1.0876095349170676, 1.2033130163191181, 
    0.4935646563072703}}
"Parameters for minimun values of pts : "
  {1.0876095349170676, 1.2033130163191181, 0.4935646563072703}
"----------Section with calculation of min pts using set of test \
functions---------"
"function range for u values ="{-5, 5}
"swarm parameters at initialization:"
  {{1.2011834874313512, 1.4480228839846805, 0.7072906390392253}, 
   {1.2818043240704808, 1.1641850816094683, 0.8689239196777028}, 
   {1.1055489845535322, 1.2972566622486812, 0.7794497537891705}, 
   {1.0602226244471067, 1.406568185076659, 0.3760300716233187}, 
   {1.3619020969522058, 1.403288061814095, 0.4461598688508941}, 
   {1.1867508941522955, 1.18007247318614, 0.25892663970571195}, 
   {1.4761764042429262, 1.1712991008875404, 0.500705818041121}, 
   {1.330026677279073, 1.3444035223796849, 0.9997451778060171}, 
   {1.2924165712476146, 1.2872773860812214, 0.2287094027571237}, 
   {1.4660381215603142, 1.1574557069038032, 0.7339948322668846}, 
   {1.0269040187819256, 1.0009602785754894, 0.4833337523108834}, 
   {1.1116936636878267, 1.2053553075768413, 0.11695730561865525}, 
   {1.3864024738144172, 1.0556107810005768, 0.018421318356548033}, 
   {1.009067126352992, 1.0628706906808176, 0.974931512110008}, 
   {1.4923036046592406, 1.43006111142979, 0.5170106912388748}, 
   {1.0082553698203844, 1.459920643439729, 0.3310453371261315}, 
   {1.3706935728001421, 1.3234126182395105, 0.09870736155801185}, 
   {1.4134902451082119, 1.243175805254137, 0.6419947379246307}, 
   {1.1472289883819458, 1.1231936264631288, 0.2726947999809701}, 
   {1.2297869584005938, 1.0330859068296476, 0.013080282551652944}, 
   {1.1199873438930932, 1.1900153426698101, 0.09520167111143407}, 
   {1.47409836709557, 1.2157699483846918, 0.1022755957577215}, 
   {1.1871856553478204, 1.0884711825166795, 0.8920787388927789}, 
   {1.013562642618954, 1.3241688752313716, 0.3511794341263388}, 
   {1.1652357468874497, 1.2977974810166395, 0.3662200283133292}, 
   {1.098392522452872, 1.4606501448829676, 0.16345333544003648}, 
   {1.3784497232980544, 1.4603908807140873, 0.27007052207931714}, 
   {1.2614332819918963, 1.0465246365119516, 0.5241321589188239}, 
   {1.2322084351877567, 1.40393483643989, 0.7974451824954596}, 
   {1.4269912149758466, 1.0054391678862173, 0.8225077520743533}}
"function range for u values ="{-5, 5}
"swarm parameters at initialization:"
  {{1.402951191043194, 1.1352213323847475, 0.166238991288844}, 
   {1.0653837073906043, 1.081065437658577, 0.023657537652359117}, 
   {1.2635655869143245, 1.4577515477217626, 0.0790427752844638}, 
   {1.3615236490304188, 1.4124163885389995, 0.8570231516611273}, 
   {1.124361735353159, 1.2304511346248326, 0.08002140796620938}, 
   {1.433314183626953, 1.0598821226689068, 0.9215841437274073}, 
   {1.0598991050986422, 1.4420493190088841, 0.10208570878765322}, 
   {1.436281704525592, 1.423709810662603, 0.43355413679085264}, 
   {1.2479855574678709, 1.1413539665629853, 0.699857617605443}, 
   {1.1987570551248614, 1.2076698488409383, 0.2518020235309324}, 
   {1.4596273349851523, 1.2469206957408772, 0.1794951214170999}, 
   {1.0971906185883595, 1.4151364361470695, 0.3987519008560083}, 
   {1.1284744383372574, 1.047511601057757, 0.43213696793086287}, 
   {1.1371587608522424, 1.067785196607733, 0.655816043319317}, 
   {1.4688338997593187, 1.3340747039727079, 0.573915058593796}, 
   {1.0130353663102039, 1.018860603586226, 0.350450128201367}, 
   {1.0582166604372423, 1.3722008278049598, 0.34964460443049683}, 
   {1.481153846680247, 1.2482602221354164, 0.9978023785592436}, 
   {1.328281258048629, 1.4554592803371185, 0.5016743480989605}, 
   {1.1760369873644372, 1.3124859383407779, 0.4981969281075549}, 
   {1.2487875828017965, 1.3655727558876039, 0.7288901374327146}, 
   {1.1440457655456067, 1.2684070334494226, 0.8132815985345176}, 
   {1.488871553338171, 1.143224287576514, 0.8477555069218674}, 
   {1.4175911707829045, 1.0411514265660133, 0.7258977244439169}, 
   {1.0756649658190955, 1.419050151635692, 0.06293711577459482}, 
   {1.171429607255014, 1.2939619831356934, 0.08506422081446319}, 
   {1.0346594003477756, 1.2576719640603793, 0.899624465927203}, 
   {1.394763821684839, 1.4816068448951965, 0.683118848279286}, 
   {1.1764153134040738, 1.359054133351354, 0.5618677452746277}, 
   {1.412312376011146, 1.4705352336516835, 0.3634245182962881}}
"function range for u values ="{0, 5}
"swarm parameters at initialization:"
  {{1.3554492554631143, 1.0690875154304327, 0.30438255225818134}, 
   {1.3611423010372956, 1.2656887003876454, 0.4327870667440141}, 
   {1.0812253419578974, 1.156949436552392, 0.2674004469796747}, 
   {1.3717890962433001, 1.4396902742001205, 0.7211989629125581}, 
   {1.0029754019100068, 1.2843561577968905, 0.619929580124374}, 
   {1.0973879408588179, 1.1106118453044536, 0.41205166038538454}, 
   {1.0041709531663323, 1.4159403949149698, 0.7820505043875816}, 
   {1.1556142356381849, 1.4610101359909837, 0.4127352347959372}, 
   {1.4634089253299143, 1.1171813985653087, 0.8645412076411201}, 
   {1.161919042479982, 1.0597051841294398, 0.4905672262403522}, 
   {1.1495697852006783, 1.4584554467659512, 0.4433999179769821}, 
   {1.2708316831713118, 1.3139989738830153, 0.9688681062388287}, 
   {1.2764311482321526, 1.0063189794183272, 0.3609732901661482}, 
   {1.4567058668060429, 1.0876678199529732, 0.9476866194885487}, 
   {1.1901409375583785, 1.0266015739879262, 0.29931511504305486}, 
   {1.25404252717502, 1.315188962964364, 0.7805364035883173}, 
   {1.3934487893795007, 1.0520705833481332, 0.7944869380165529}, 
   {1.2303131572472963, 1.1299775890319528, 0.8717221846239303}, 
   {1.3419592874577955, 1.4020948738062664, 0.2634922286299022}, 
   {1.4127171996738381, 1.2933208307351114, 0.8024496820926372}, 
   {1.4698367981667295, 1.4363609185471824, 0.2809324237954922}, 
   {1.001763948716131, 1.4292898370332412, 0.13739737456290113}, 
   {1.3324328269353067, 1.4835074353064113, 0.22214801658847994}, 
   {1.0218156815767943, 1.071606811337344, 0.810201959187727}, 
   {1.3598373868047544, 1.3913748861481678, 0.21794188426920802}, 
   {1.4815684560792017, 1.246861580072403, 0.3442527043110861}, 
   {1.1302616172942006, 1.3634355286902067, 0.7949662048867998}, 
   {1.1381309639771473, 1.3429035414127304, 0.942201562190943}, 
   {1.0620240884586776, 1.4400554400130596, 0.36684645720928}, 
   {1.0806038486834355, 1.3159921770543195, 0.0782185460186906}}
"function range for u values ="{-5, 5}
"swarm parameters at initialization:"
  {{1.0329880489039354, 1.3963554909825726, 0.3305008974236978}, 
   {1.1427601747168121, 1.390794812034043, 0.9697763186445487}, 
   {1.431859380929298, 1.147017894076321, 0.5147870009491289}, 
   {1.0454620811837978, 1.1854630795327354, 0.7667416609838249}, 
   {1.1303747734515481, 1.1063936924875637, 0.2801854691746333}, 
   {1.0955960645621134, 1.1989032352395017, 0.1551470729284401}, 
   {1.120519276673073, 1.4434692099141537, 0.9829556336995315}, 
   {1.1295652239664344, 1.3970141627927408, 0.06549152833437533}, 
   {1.1551394620447233, 1.371880764515971, 0.9475893041001653}, 
   {1.4593466737441596, 1.3604109515803384, 0.9893236195868922}, 
   {1.0337278681493727, 1.4119468932765606, 0.7615489752555713}, 
   {1.1246460222416745, 1.1990000497216116, 0.8117668435364829}, 
   {1.2074889417695052, 1.272732970515074, 0.3867381890803858}, 
   {1.1936124794335046, 1.2566995989468586, 0.7944782071634453}, 
   {1.4496039507839202, 1.3642134941464503, 0.21500748285131777}, 
   {1.3395712403877718, 1.4498084155442852, 0.8336283508894484}, 
   {1.303353623951232, 1.3496715958700243, 0.947120442660089}, 
   {1.187228333303041, 1.1190600568349816, 0.40908640798015306}, 
   {1.0650881867990352, 1.416478206276322, 0.4347034507514089}, 
   {1.111180613573296, 1.058168434151384, 0.019925896634363838}, 
   {1.0262051931937473, 1.3350454185938168, 0.7073801119562502}, 
   {1.1215025402812193, 1.1642079695469523, 0.687008450394863}, 
   {1.1557187492339915, 1.2267646361317375, 0.5996672126490306}, 
   {1.4413223740275893, 1.1193865220473973, 0.5007854221355381}, 
   {1.1518744464500534, 1.3972052402767892, 0.04089775591681044}, 
   {1.32091354697134, 1.2502297787525416, 0.020032706780531484}, 
   {1.1319647816592497, 1.4188913093056372, 0.5441541156869645}, 
   {1.2448845406612512, 1.1920899323312248, 0.6433740960198016}, 
   {1.4961324203741921, 1.2961229144656499, 0.0689032352878014}, 
   {1.4914564739724132, 1.1152426122782355, 0.6751101898437994}}
"function range for u values ="{-5, 5}
"swarm parameters at initialization:"
  {{1.388125587936596, 1.4802252950900132, 0.8594045572520157}, 
   {1.204844442726137, 1.3181428750761812, 0.3851035689457427}, 
   {1.253469634763636, 1.455187648663539, 0.4387113696353906}, 
   {1.24406748772798, 1.4625326397520195, 0.642279480264184}, 
   {1.374257091068067, 1.0830700602347627, 0.8194567243488491}, 
   {1.4567806536732046, 1.3572642023624089, 0.10807229289975506}, 
   {1.3894426205153096, 1.0718258377538619, 0.17846987409256987}, 
   {1.4383222398183948, 1.2910342250013143, 0.17316834787673763}, 
   {1.2706650439655265, 1.011464824214328, 0.4817976706331273}, 
   {1.1975103724049379, 1.3558460694918328, 0.045380648527843404}, 
   {1.0416466466895766, 1.1848433522881212, 0.18543556871017586}, 
   {1.2012713996706266, 1.381758175330734, 0.795208109262866}, 
   {1.4396248031145369, 1.4226958706850206, 0.12400116482403867}, 
   {1.3835321671931327, 1.2568920034445665, 0.8018067803976945}, 
   {1.3588769297954373, 1.1594634121989298, 0.7525122859875313}, 
   {1.2815657376114973, 1.0744814436209653, 0.3901020796426573}, 
   {1.2324131188890801, 1.3637388004744992, 0.790150441663777}, 
   {1.009515529073818, 1.110903377354536, 0.8116217788193956}, 
   {1.357748490949044, 1.2759629916355202, 0.7026455570575145}, 
   {1.1236881074741458, 1.294623627605568, 0.8973810796747463}, 
   {1.0976522950686989, 1.4078556224840495, 0.4459581508472872}, 
   {1.4808497761141135, 1.1047911293368549, 0.2769403096188454}, 
   {1.0349108685679753, 1.0610926110715613, 0.11996360525974814}, 
   {1.222706881409792, 1.0709237435907868, 0.3492321637257543}, 
   {1.405665888993925, 1.1446203804888095, 0.520923432044629}, 
   {1.4245587297409168, 1.3512579332466879, 0.24636220949246423}, 
   {1.2363821992541428, 1.4853063266748254, 0.5005652067218176}, 
   {1.259894842112633, 1.158418723738047, 0.2426312482554278}, 
   {1.439853332295987, 1.2933826285750414, 0.48305164054306493}, 
   {1.4738484367604723, 1.0778857014239982, 0.21570664051799016}}
"function range for u values ="{-5, 5}
"swarm parameters at initialization:"
  {{1.1591973216763805, 1.3436794117779138, 0.6626856414634927}, 
   {1.1832182096778623, 1.468014283674373, 0.5073464443423283}, 
   {1.1343719352216595, 1.437131267098861, 0.05200506603040056}, 
   {1.3909720440208528, 1.3876886758383675, 0.16496240989201771}, 
   {1.172573721944898, 1.4643053542296462, 0.017948578853394848}, 
   {1.0661623519101542, 1.3376470184922566, 0.9899560636297224}, 
   {1.0388045841120581, 1.4845855919952133, 0.9356418505057176}, 
   {1.4532037303129344, 1.04550985305977, 0.8912640926769035}, 
   {1.1189175505260596, 1.3872462008365818, 0.08376597923326812}, 
   {1.2280501246098015, 1.257328717613211, 0.9263027438016445}, 
   {1.2192785963138721, 1.4897478678866545, 0.3069724965230718}, 
   {1.0673299816934971, 1.131823238732768, 0.20016534773214922}, 
   {1.3826531898640342, 1.2402588279212639, 0.9299827447619398}, 
   {1.4372499429308414, 1.4690692515570936, 0.09107480804919299}, 
   {1.47413803803979, 1.2275081238221441, 0.5023924101744255}, 
   {1.1407181166283382, 1.2095921673249759, 0.4759863530361861}, 
   {1.4506728131386053, 1.0236570657336452, 0.39011973718694315}, 
   {1.0490987742429776, 1.421846928089438, 0.8364401216395536}, 
   {1.0850382018940858, 1.4662492470778439, 0.10342620343023179}, 
   {1.4245724531631216, 1.1834178536243853, 0.80365187294324}, 
   {1.2363136709383287, 1.3526150401265125, 0.11940563389989212}, 
   {1.2775693552016185, 1.207659185361932, 0.2471393413792109}, 
   {1.288521882021279, 1.4840806675400278, 0.726875047500743}, 
   {1.3576050542034586, 1.2276433698586624, 0.20938197241457934}, 
   {1.1069198705351364, 1.144859068341646, 0.7359135272740567}, 
   {1.0689586857957125, 1.0058707550773485, 0.44745739236674}, 
   {1.2048254063067283, 1.32771457269116, 0.9802323912704936}, 
   {1.0674463054541175, 1.0304734810492198, 0.31120540118094775}, 
   {1.017897242643196, 1.2200970666116753, 0.6178231279613968}, 
   {1.3892706971199262, 1.4574751453071357, 0.015152018439232862}}
"function range for u values ="{-5, 5}
"swarm parameters at initialization:"
  {{1.126098422608151, 1.4698970783548884, 0.606811371479457}, 
   {1.4461679927149007, 1.0600938609700097, 0.7271077627194185}, 
   {1.3929576070335483, 1.4682223773896328, 0.6945769793527625}, 
   {1.0822594871857003, 1.4255842160822367, 0.21508423797100407}, 
   {1.1956375228740188, 1.4777056255232937, 0.5343051697803454}, 
   {1.293560233872424, 1.1020431888729392, 0.1780670695404405}, 
   {1.3475524689610499, 1.0371607118550732, 0.7677847066346024}, 
   {1.3488631927211387, 1.1827821432047654, 0.6230892368924117}, 
   {1.4288517800919158, 1.1665454400462214, 0.04309545657518177}, 
   {1.4259298308740904, 1.054804633716743, 0.3170224030044504}, 
   {1.1290818429421683, 1.114843308425899, 0.19366687772929803}, 
   {1.3121981083290013, 1.4956226597706042, 0.006701539095527176}, 
   {1.4656957105330806, 1.3199876691389707, 0.5470530374230476}, 
   {1.3525259038360846, 1.4275953612285166, 0.04806811728333882}, 
   {1.0926659416222586, 1.0223766744868372, 0.2766943946534597}, 
   {1.347955477915233, 1.359215773799284, 0.46092210177318194}, 
   {1.3929363836543391, 1.31326049395519, 0.46582183274054256}, 
   {1.0214494537864336, 1.1239787646268558, 0.4210108577516247}, 
   {1.3389626210696521, 1.3294758537988907, 0.657821552921811}, 
   {1.193538436097766, 1.4510585427378548, 0.8170481093257609}, 
   {1.4118297890372817, 1.328809998254295, 0.3923734954291769}, 
   {1.4687095721042058, 1.0619164925551194, 0.37134154888014903}, 
   {1.2659482217592626, 1.236148411699278, 0.4559431396430482}, 
   {1.2103366491072984, 1.268417893223876, 0.5536423278385467}, 
   {1.38234497844996, 1.1406436505541286, 0.31230454219572756}, 
   {1.3516637512783647, 1.0142886679907521, 0.25280825250951344}, 
   {1.1712190737327162, 1.1972443043951175, 0.6989149861705384}, 
   {1.0442938603758014, 1.1053634970118522, 0.19924219122150832}, 
   {1.0363961796126153, 1.1651553741424037, 0.5777585847148536}, 
   {1.3423634261786932, 1.0370509656672764, 0.5453823036882866}}
"fun2 produced the minimum value of pts"
{1.2178455534517272, 1.2129033923473773, 1.2349212472948519}
1152.739832753107
