"swarm parameters at initialization:"
  {{1.439298264300728, 1.7005262773902237, 0.8020341327641832}, 
   {1.1510719813133576, 1.7547944491055034, 0.6057848235954623}, 
   {1.2758560492956224, 1.215472345710642, 0.7248435099650409}, 
   {1.1915207578370675, 1.6622316742730199, 0.6103829302890086}, 
   {1.3883241746504127, 1.6244440943208103, 0.41803931121878135}, 
   {1.1520287507506626, 1.5003487390877512, 0.5352722655882163}, 
   {1.5598761902890188, 1.3951470208064163, 0.5041315997727377}, 
   {0.8164369360307626, 0.931159952829649, 0.5795647898160161}, 
   {0.8747560233675744, 0.5812970816050194, 0.780015327117604}, 
   {1.4136841874696127, 1.93921897091995, 0.4562635006810155}, 
   {1.6361059622582932, 1.042435468879872, 0.7215091955491638}, 
   {0.7689846184803106, 1.1732378218514055, 0.7416599880145629}, 
   {1.0935259686443004, 0.7892903461106542, 0.8628407412201671}, 
   {0.9779579413045649, 1.6526617725834059, 0.6844728833907713}, 
   {0.932171452517105, 1.0429193719840333, 0.8108833080380345}, 
   {1.7543549204518585, 0.6820836624075959, 0.4004903927668235}, 
   {0.9414373526730213, 0.6095693419423611, 0.6606476267751401}, 
   {1.340443287462615, 1.225995053727162, 0.7615049264571735}, 
   {1.1808346076413474, 1.5590862255025963, 0.6362834024469535}, 
   {1.4140172169273626, 1.08583121839421, 0.8600705634600321}, 
   {0.9451609068106626, 1.6381114941757668, 0.49431759928852415}, 
   {1.755840350633449, 1.8978967609541448, 0.6757280657632336}, 
   {1.1479429791099367, 1.1787485353362408, 0.6670864971108511}, 
   {0.5425464443319452, 1.1275892166028796, 0.8604901997490606}, 
   {1.147736325109317, 1.233676039278797, 0.6902182330613224}, 
   {1.8261447220382276, 1.4090356560092823, 0.7954000760829698}, 
   {1.7061981104197579, 0.6099076176729459, 0.46185734500561304}, 
   {1.7983813638571853, 1.2622042712949675, 0.41570201305255194}, 
   {1.4750022226489476, 0.6264259572419029, 0.7527036599330859}, 
   {1.5387224902700893, 1.3859841407393119, 0.48333441102523955}}
"outputFromOuterPSO with considering the all function"
"Complete output from outer PSO : "
  {{1.0625082708429892, 1.3325003693630784, 1.1417349886878037}, 
   {{1.1808346076413474, 1.5590862255025963, 0.6362834024469535}, 
    {1.1808346076413474, 1.5590862255025963, 0.6362834024469535}, 
    {1.0625082708429892, 1.3325003693630784, 1.1417349886878037}, 
    {1.0625082708429892, 1.3325003693630784, 1.1417349886878037}, 
    {1.0625082708429892, 1.3325003693630784, 1.1417349886878037}, 
    {1.0625082708429892, 1.3325003693630784, 1.1417349886878037}, 
    {1.0625082708429892, 1.3325003693630784, 1.1417349886878037}, 
    {1.0625082708429892, 1.3325003693630784, 1.1417349886878037}, 
    {1.0625082708429892, 1.3325003693630784, 1.1417349886878037}, 
    {1.0625082708429892, 1.3325003693630784, 1.1417349886878037}}, 
   {1418.3249303096718, 1418.3249303096718, 1113.9665370182854, 
    1113.9665370182854, 1113.9665370182854, 1113.9665370182854, 
    1113.9665370182854, 1113.9665370182854, 1113.9665370182854, 
    1113.9665370182854}, {6343.291470975878, 9899.689893363804, 
    5395.122534743637, 6343.291470975875, 4372.929131387838, 
    5395.122534743637, 8092.14245829504, 8092.14245829504, 
    6600.584330714831, 8092.14245829504, 11673.173416604577, 
    7128.48619479294, 5053.86111253773, 8122.2495771942195, 
    8092.142458295042, 9899.6898933638, 1925.7759871254148, 
    5053.86111253773, 6343.291470975877, 11673.17341660458, 
    9899.689893363802, 11673.173416604583, 6343.291470975876, 
    9899.6898933638, 6343.291470975877, 9899.689893363804, 
    8092.142458295044, 6089.556870182825, 9899.689893363802, 
    9899.689893363808}, {{1.306734941347771, 1.4898967407970416, 
     0.7666671251170044}, {1.0060900548671645, 1.207343856798319, 
     0.880394042552952}, {1.310082595047009, 1.1056787676446418, 
     1.209823985433061}, {1.2971332799827942, 1.3364792906204115, 
     1.0633441617399022}, {1.2147429082078518, 1.3084401870558642, 
     0.5316835107186187}, {1.0490288452517684, 1.1525441265080514, 
     0.8829892552728558}, {1.3378207696474065, 1.4852605784672237, 
     1.157866215815035}, {1.098554371040179, 1.370216841569761, 
     1.1398000337278846}, {1.1642206398889874, 1.4979127574859792, 
     0.9498296457961257}, {1.1787577327044427, 1.4942749143640235, 
     0.8032213108338988}, {1.4973147439592651, 1.146659621776615, 
     1.1444992308510535}, {1.2099905843708116, 1.163196943097731, 
     0.6695598692849136}, {1.1665837701658848, 1.1433618190151296, 
     0.8963968614231173}, {1.418228147166172, 1.203546388581098, 
     0.36953606024811214}, {1.2838037494252545, 1.377116425690448, 
     1.2381571283119117}, {1.4205662176233274, 1.028471735159663, 
     0.4399321661156087}, {1.0007096677565601, 1.293507212565657, 
     1.0149079696815995}, {1.106523720938144, 1.28869164417479, 
     1.1091370987200544}, {1.280537083852635, 1.0962717546802456, 
     0.8711475710185624}, {1.4376090515685616, 1.2505610141327703, 
     1.1513189643385808}, {1.3769645490311673, 1.0816065764925602, 
     1.0266388321338646}, {1.1866925038505525, 1.1926768790220703, 
     1.176662765627313}, {1.192330217271832, 1.0506885102547754, 
     0.9164383417873254}, {1.0179518180786629, 1.2828195273393104, 
     2.0154176953253784}, {1.3061408954732951, 1.3570769827901437, 
     1.0644273236955435}, {1.4349035328626445, 1.0826377308044988, 
     1.0605442295717429}, {1.0318823299442572, 1.0555852882246903, 
     1.2205223239821277}, {1.4861390008395796, 1.481754836933606, 
     1.1788498272320338}, {1.0175445103882264, 1.2964782753352837, 
     0.455976527191433}, {1.2175597700812366, 1.2930670807790783, 
     1.0667515121169124}}}
"History of best pts value : "{1418.3249303096718, 1418.3249303096718, 
   1113.9665370182854, 1113.9665370182854, 1113.9665370182854, 
   1113.9665370182854, 1113.9665370182854, 1113.9665370182854, 
   1113.9665370182854, 1113.9665370182854}
"Pts values at all positions : "
  {6343.291470975878, 9899.689893363804, 5395.122534743637, 
   6343.291470975875, 4372.929131387838, 5395.122534743637, 8092.14245829504, 
   8092.14245829504, 6600.584330714831, 8092.14245829504, 11673.173416604577, 
   7128.48619479294, 5053.86111253773, 8122.2495771942195, 8092.142458295042, 
   9899.6898933638, 1925.7759871254148, 5053.86111253773, 6343.291470975877, 
   11673.17341660458, 9899.689893363802, 11673.173416604583, 
   6343.291470975876, 9899.6898933638, 6343.291470975877, 9899.689893363804, 
   8092.142458295044, 6089.556870182825, 9899.689893363802, 9899.689893363808}
"Minimum value of pts detected : "1925.7759871254148
"Position of best pts value particle in the swarm : "{{17}}
"all parameters position : "{{1.306734941347771, 1.4898967407970416, 
    0.7666671251170044}, {1.0060900548671645, 1.207343856798319, 
    0.880394042552952}, {1.310082595047009, 1.1056787676446418, 
    1.209823985433061}, {1.2971332799827942, 1.3364792906204115, 
    1.0633441617399022}, {1.2147429082078518, 1.3084401870558642, 
    0.5316835107186187}, {1.0490288452517684, 1.1525441265080514, 
    0.8829892552728558}, {1.3378207696474065, 1.4852605784672237, 
    1.157866215815035}, {1.098554371040179, 1.370216841569761, 
    1.1398000337278846}, {1.1642206398889874, 1.4979127574859792, 
    0.9498296457961257}, {1.1787577327044427, 1.4942749143640235, 
    0.8032213108338988}, {1.4973147439592651, 1.146659621776615, 
    1.1444992308510535}, {1.2099905843708116, 1.163196943097731, 
    0.6695598692849136}, {1.1665837701658848, 1.1433618190151296, 
    0.8963968614231173}, {1.418228147166172, 1.203546388581098, 
    0.36953606024811214}, {1.2838037494252545, 1.377116425690448, 
    1.2381571283119117}, {1.4205662176233274, 1.028471735159663, 
    0.4399321661156087}, {1.0007096677565601, 1.293507212565657, 
    1.0149079696815995}, {1.106523720938144, 1.28869164417479, 
    1.1091370987200544}, {1.280537083852635, 1.0962717546802456, 
    0.8711475710185624}, {1.4376090515685616, 1.2505610141327703, 
    1.1513189643385808}, {1.3769645490311673, 1.0816065764925602, 
    1.0266388321338646}, {1.1866925038505525, 1.1926768790220703, 
    1.176662765627313}, {1.192330217271832, 1.0506885102547754, 
    0.9164383417873254}, {1.0179518180786629, 1.2828195273393104, 
    2.0154176953253784}, {1.3061408954732951, 1.3570769827901437, 
    1.0644273236955435}, {1.4349035328626445, 1.0826377308044988, 
    1.0605442295717429}, {1.0318823299442572, 1.0555852882246903, 
    1.2205223239821277}, {1.4861390008395796, 1.481754836933606, 
    1.1788498272320338}, {1.0175445103882264, 1.2964782753352837, 
    0.455976527191433}, {1.2175597700812366, 1.2930670807790783, 
    1.0667515121169124}}
"Parameters for minimun values of pts : "
  {1.0007096677565601, 1.293507212565657, 1.0149079696815995}
"----------Section with calculation of min pts using set of test \
functions---------"
"function range for u values ="{-5, 5}
"swarm parameters at initialization:"
  {{1.0790056332547922, 0.558206197832178, 0.8840323469199461}, 
   {1.6688836788523758, 1.175468388157066, 0.8860462874998318}, 
   {1.541785520534777, 1.0150732734495609, 0.43797955713274694}, 
   {0.9116940474091413, 0.8099183335919622, 0.6437759387080798}, 
   {0.9745815879240549, 1.7303296011467424, 0.46987088198213034}, 
   {1.2001231889145245, 0.7108762374019009, 0.5737838086988282}, 
   {1.2862833328113439, 1.1334176216607132, 0.5192845959356772}, 
   {0.7976033053787932, 1.8528571200424064, 0.5944785290797405}, 
   {1.8559819686495715, 1.3186904688426013, 0.7046204940269365}, 
   {1.5286027742839847, 1.3390962775772315, 0.7436792260806662}, 
   {0.6203572982809107, 1.117855322581668, 0.42582168488261374}, 
   {1.7173723941557704, 1.083708835103141, 0.7019003379365564}, 
   {1.0998294345629827, 1.4647407438820204, 0.4721182054928682}, 
   {0.998933259122619, 1.2614992848998439, 0.7360878979994394}, 
   {0.723671348604265, 1.1142824627156172, 0.6107991989400027}, 
   {1.3268463535152706, 1.4348021593280507, 0.533792382895653}, 
   {1.7897509059852434, 1.1537253018180151, 0.40990752738095404}, 
   {1.1558873774281695, 1.7780208191718332, 0.6040403743317868}, 
   {1.327583735719763, 1.8298174539093033, 0.4073956143316775}, 
   {0.5212234598447025, 1.9321338209573797, 0.5393830818369241}, 
   {0.9211067854528694, 1.595935263383466, 0.6830873555066885}, 
   {0.8830879549589232, 1.1388113121503203, 0.818393477324764}, 
   {1.9424372211707066, 1.1905270245699446, 0.5959094655415562}, 
   {1.3450987665152354, 1.1823628608023284, 0.8500374486565612}, 
   {1.5651402326608763, 1.4388209287271678, 0.7578418070246595}, 
   {1.9086598317397936, 1.9786537143206417, 0.5914907368176339}, 
   {0.6327837833446921, 1.6060460952890878, 0.6595889548196998}, 
   {0.538856160152267, 1.6129092390952602, 0.42114143744050436}, 
   {1.5516033117108203, 1.0515237727927387, 0.8609528333749088}, 
   {0.689654695490999, 1.3375314665329956, 0.43896461431755196}}
"function range for u values ="{-5, 5}
"swarm parameters at initialization:"
  {{0.8284001427416376, 0.5423593401153954, 0.5273487308517919}, 
   {1.25585323221296, 0.8875378073018971, 0.8683643008206882}, 
   {1.8295837687822019, 0.6676225127714739, 0.5503464861727385}, 
   {1.33363373980385, 1.062754377047634, 0.4957841173152645}, 
   {1.3569833338031052, 0.8693397286356537, 0.6258190560935755}, 
   {1.901973986930793, 1.696651219740565, 0.432122506793299}, 
   {1.7568040589164204, 0.5338699365132342, 0.42227952525339285}, 
   {1.5668259238813582, 0.6358314415615878, 0.41740429459056183}, 
   {1.602142673264611, 1.3115930636640267, 0.7013727685314324}, 
   {1.704380244209049, 1.9024898330446787, 0.8717774600284872}, 
   {0.6808476171733964, 1.921308637082836, 0.7465055546530436}, 
   {1.4960815023403393, 1.5032685890126922, 0.5992784344519203}, 
   {0.9292234328088962, 1.312548636769348, 0.8692479317038386}, 
   {1.644908473358627, 1.8908044826888073, 0.7826010964576795}, 
   {1.7940100912047408, 1.223258718071527, 0.8954421072775368}, 
   {0.9529740829528595, 1.560568415970387, 0.698250057058081}, 
   {1.4488489810195904, 0.7848594602872283, 0.8828962192552422}, 
   {0.9964432467520614, 1.6492431054326313, 0.6506845235162265}, 
   {1.3889085508938175, 0.9082044755666476, 0.8597115947959325}, 
   {1.8309539560145094, 1.304363698658121, 0.7476101015758365}, 
   {0.6213022420151022, 1.9821984528897305, 0.7649083829854311}, 
   {0.5453811105288509, 1.164673595318872, 0.7282156772483408}, 
   {1.950008513152734, 1.8716557381570018, 0.7749461204553243}, 
   {0.8158620558390002, 0.6881159142237381, 0.5894020750706919}, 
   {0.9160723169175622, 1.522697070562025, 0.7357419256000071}, 
   {1.8286545401026375, 1.9997062468589633, 0.42601073969260916}, 
   {1.04650468390916, 0.7635301792700753, 0.8377949281848065}, 
   {1.0298702605305645, 0.7273465842206948, 0.7190353119106492}, 
   {1.2930174294448258, 0.7285256083280625, 0.8263489672070452}, 
   {1.8554906473996482, 1.8852984638134678, 0.8431387851437099}}
"function range for u values ="{0, 5}
"swarm parameters at initialization:"
  {{1.2466917225919332, 1.2094546761442762, 0.7743671642922072}, 
   {1.8654926668703724, 0.7142321702790095, 0.7959034303117165}, 
   {0.9671295799025046, 0.8013556269611786, 0.5803021786307454}, 
   {0.6809661697062004, 1.1208186443664276, 0.43478591617522266}, 
   {1.7548425833506909, 1.6208153162604315, 0.6319569232654783}, 
   {1.1303639761236859, 1.0241582072729898, 0.45937129551261946}, 
   {1.5036562977596932, 1.0449046508946624, 0.4048959866092764}, 
   {1.149256002142279, 0.9466050920913402, 0.5169653236371878}, 
   {1.9918951095742248, 1.374931089777788, 0.8951715404956677}, 
   {1.3976328276279046, 0.5211123030604727, 0.5634699309364625}, 
   {1.8079830290949417, 1.9794876469340759, 0.5842663465123281}, 
   {0.9096862202158678, 1.1506096625149507, 0.5620957801331445}, 
   {1.861455305775539, 1.8432478886843149, 0.8149209735002307}, 
   {1.8616628573528917, 1.3531308085673297, 0.617022822392367}, 
   {1.645678479367728, 0.9022356774508578, 0.666739798644137}, 
   {1.7886724616092917, 0.5261708563650824, 0.6025393472799943}, 
   {0.6650781991041335, 1.0877462568332796, 0.6988092373769218}, 
   {0.8275797637334721, 1.0468077056555285, 0.5182256582233165}, 
   {0.9177367406683397, 0.5036874214404246, 0.6142328277578795}, 
   {1.1151153227111563, 0.9567108340525192, 0.6984759849531158}, 
   {1.8560474187095033, 1.6645587329824636, 0.4012814011697131}, 
   {1.7836538563540234, 1.5939495607821517, 0.7049043800283836}, 
   {1.538616975108126, 1.4331661941098117, 0.8932151324585017}, 
   {1.3386287987580885, 0.6653007084334641, 0.65862485550645}, 
   {1.256036633171659, 0.7694611781329437, 0.7319364768725748}, 
   {1.680633753750541, 1.3081864795646294, 0.46510039391437397}, 
   {1.6015159630626838, 1.4373154362072547, 0.5070070849892783}, 
   {0.7765583154588622, 1.0205160452370268, 0.7741874512664713}, 
   {1.6715878383874312, 1.2930710057160586, 0.7534302861427462}, 
   {0.7293095069704858, 1.2066397979542884, 0.5968720880852323}}
"function range for u values ="{-5, 5}
"swarm parameters at initialization:"
  {{0.9080098338987463, 1.140229980101104, 0.767053386610653}, 
   {0.9046385732142803, 0.8103025591787798, 0.41231358846977506}, 
   {0.8463283249478692, 1.766148548790187, 0.8068726989022926}, 
   {0.8844859893938384, 1.2352356655010315, 0.4230046979194896}, 
   {0.9064447790135284, 0.9304398307221098, 0.4124358784107729}, 
   {1.324455839203324, 1.7447496003884027, 0.8616421411487385}, 
   {1.4055864474193234, 1.9485452667728742, 0.47213254920484315}, 
   {1.1968559867647834, 0.7606952772840023, 0.5766667568624024}, 
   {1.3177786706599486, 1.014596138138383, 0.5775840576002128}, 
   {0.6520415822231853, 0.7096971603354807, 0.6149101874389218}, 
   {1.0597347178905347, 1.7966137693476396, 0.47272642931327147}, 
   {0.6007211403780075, 1.630001305373284, 0.8213804024443522}, 
   {0.533738442323977, 1.316435462717139, 0.7071450909777112}, 
   {1.2187328303208678, 1.9189439980066694, 0.7009102929035158}, 
   {1.8713929544648265, 0.7229578975910438, 0.7351752518361601}, 
   {1.478932862024732, 1.8136902037801437, 0.4460025489991093}, 
   {1.7779077407512562, 1.5511016413809182, 0.533179962021167}, 
   {0.8451859351032849, 1.419991895981981, 0.4174058181874932}, 
   {0.8154896592810412, 1.3973339306948462, 0.771915156053636}, 
   {1.9196116939590273, 1.950103369198323, 0.4073161448854472}, 
   {0.8693973625710378, 1.035122040872431, 0.680119950606709}, 
   {0.6183091735410655, 1.5538137456864956, 0.5602833413147296}, 
   {1.0945099690905669, 1.065100645178303, 0.4406543101378022}, 
   {1.750965773713907, 1.4513757216867944, 0.6601269204467111}, 
   {1.978602774590895, 0.5877067547832109, 0.757304867136336}, 
   {1.9914474507242144, 0.5379158176867136, 0.7294707779309862}, 
   {1.2304747720704565, 0.7946289831145124, 0.574640859679029}, 
   {1.278646673630508, 1.1720702256083229, 0.4377784513893631}, 
   {0.8392543935505454, 1.8782448712454172, 0.4865124723235359}, 
   {0.7460313729740946, 1.6225895852736056, 0.5405483651712406}}
"function range for u values ="{-5, 5}
"swarm parameters at initialization:"
  {{1.678118829525812, 0.736033313721915, 0.5390930187431794}, 
   {1.040816607055759, 1.665044797127854, 0.526784498485759}, 
   {0.6777512415083473, 1.1764188621574712, 0.5285299900026915}, 
   {0.7059430780721669, 1.8283518280824875, 0.7696099131713268}, 
   {1.3900934650070287, 0.9846358913477955, 0.5731460912848637}, 
   {1.2609731912768538, 0.8077055311543926, 0.717177635414329}, 
   {0.7231361225884678, 0.6059418693887877, 0.8298476857452287}, 
   {1.2613116093925503, 1.463392117447655, 0.5156845963770669}, 
   {1.6173347416946862, 1.0424072442344876, 0.7495623774940217}, 
   {1.9227822490670232, 1.3111064630285032, 0.5368649669651663}, 
   {0.5848873361741358, 1.7162045966602548, 0.5212530713745119}, 
   {0.6774829686655317, 1.498264714643276, 0.41012020777693425}, 
   {1.9164188411341945, 0.5720534524080139, 0.4282894418671833}, 
   {1.3870595260580778, 1.4174525277445156, 0.6142808234459364}, 
   {1.2325172646454075, 0.574839695407269, 0.42004492859203046}, 
   {1.902435400765679, 0.7649879438690066, 0.7870186669724262}, 
   {1.1102714424515256, 0.691920083506977, 0.7251002547154975}, 
   {0.5394138902038914, 1.1813966556679212, 0.6579283787203635}, 
   {1.3769135987110879, 1.6050250362761602, 0.5380586056044256}, 
   {1.0629332064317434, 1.132567163374116, 0.6041690259360117}, 
   {0.5184206401706173, 1.7078125400838404, 0.48814169733046164}, 
   {0.7760389047441298, 1.5347818140515463, 0.7592252054923423}, 
   {1.3722766670568771, 1.1677353423343408, 0.49648507345395143}, 
   {0.5201147235064612, 1.6797103563357578, 0.5056816116710965}, 
   {1.158774275535042, 1.5229055511969056, 0.6992928585302756}, 
   {1.4336147912550121, 0.8661834290578452, 0.7470015777950376}, 
   {0.9742959545776468, 1.5370120714858708, 0.7384130789291048}, 
   {1.6343998542961158, 0.6640186560411678, 0.5264768784700663}, 
   {0.9979621946017221, 0.7728514306393945, 0.7619228881448344}, 
   {1.2978299234877695, 0.9547114071716276, 0.5282773359164749}}
"function range for u values ="{-5, 5}
"swarm parameters at initialization:"
  {{1.5041463482033772, 1.6341284200915176, 0.5408638145376518}, 
   {1.704307411016507, 0.7866437552489827, 0.4123219678269955}, 
   {1.004177599267278, 1.5120849446077846, 0.890473252475852}, 
   {1.2380695389773488, 1.4473491521656041, 0.46838281966317374}, 
   {1.2040865825099925, 1.4903526535480647, 0.5547073785941851}, 
   {1.0451570373040924, 1.9336495464906585, 0.5867188331607605}, 
   {0.70427520434977, 1.6022943482912653, 0.4772625279465299}, 
   {1.6490652453864225, 1.0838996608031368, 0.8776334701488298}, 
   {0.8954911112405626, 1.1306571751012902, 0.58773223762143}, 
   {0.9337174070307692, 0.9360420045799396, 0.6106213503679773}, 
   {0.6021086097065478, 1.872506732411682, 0.6446015662740796}, 
   {1.2152722070673945, 1.1316788212827267, 0.7548405775714935}, 
   {1.8599670230260248, 1.6709655589761692, 0.8034120714023864}, 
   {1.834834276653508, 1.233185366764363, 0.4693231648811389}, 
   {1.6136347546885839, 1.9098575917041973, 0.6616995668121359}, 
   {1.1125328193054864, 1.3265691553134622, 0.6066462969187276}, 
   {0.6100976655265313, 1.003727435401438, 0.4382943198657411}, 
   {0.58686690520916, 1.0650849901206172, 0.588108465914422}, 
   {0.982872712521524, 1.4168688279204984, 0.8614755726816555}, 
   {1.3146116377308128, 0.6140025652528589, 0.5236439987435697}, 
   {1.9833675391995174, 1.992117719909086, 0.6265342042603096}, 
   {1.9935752781828069, 1.7533761171805162, 0.4009723578731119}, 
   {1.952924581444858, 0.8018254425114253, 0.4846834784130253}, 
   {0.7458189673263935, 1.69078034871425, 0.8351936814814316}, 
   {1.9686120768725397, 1.6929534353413502, 0.7529973739571555}, 
   {0.9555740980630998, 0.5128549199419581, 0.4511488516663381}, 
   {0.7816722981190294, 1.5642540818093926, 0.5931673503008679}, 
   {1.2510661160975278, 1.4833376634718478, 0.8824620129957009}, 
   {1.7858789655482843, 1.0250384536521242, 0.8907234290628444}, 
   {0.84722014315379, 0.5637755515688623, 0.5684053309333644}}
"function range for u values ="{-5, 5}
"swarm parameters at initialization:"
  {{1.360734994920037, 1.3097427481058763, 0.7986795530137634}, 
   {1.2413722698846898, 0.5816331635304022, 0.6304949866244033}, 
   {1.3001033701362794, 1.794188396143782, 0.7482448239051799}, 
   {1.5994106963668777, 1.203693089128563, 0.6674878084002863}, 
   {1.5896790761154356, 0.8725986029404833, 0.864716560008122}, 
   {1.783771317133315, 1.0397874868040176, 0.47233642198424153}, 
   {1.4247562217140253, 1.2643210758752659, 0.7954384439988581}, 
   {1.3241757929434872, 1.2905595500627065, 0.6103349885189969}, 
   {1.577253512820775, 0.8647855649376739, 0.4627714096107285}, 
   {0.8890465308084226, 1.1495113786642888, 0.8220604356713561}, 
   {1.0665017600608224, 1.1901406840311641, 0.853854495508341}, 
   {0.8914749298204248, 1.0524983387652478, 0.7358193715704991}, 
   {1.4541430585203594, 1.3776911249569435, 0.527791925372808}, 
   {0.9629550648905223, 1.7920354725250567, 0.6784357014435048}, 
   {1.956738399646381, 1.7118517265102007, 0.7639054589617017}, 
   {0.7198442150437092, 1.1694563469318648, 0.6078381677765492}, 
   {1.7478447888754114, 1.7354625927615004, 0.8113379771734518}, 
   {1.6915648508418637, 0.7080748455053469, 0.7408867467372128}, 
   {0.5540730477733922, 1.929824420160371, 0.7804906236259919}, 
   {1.919949719801905, 1.9436945804536543, 0.5649226825023246}, 
   {0.8005440939598196, 0.8857119607529191, 0.4498337514553912}, 
   {1.5187816050458385, 0.8233899854235589, 0.8357284141828636}, 
   {1.3518979588359241, 0.7643298824535232, 0.755339639812976}, 
   {1.3757170031972143, 1.1128333678280735, 0.48029726262030625}, 
   {1.7941953290383141, 1.983146043286332, 0.7523282945172081}, 
   {0.5294854519795071, 1.7134472545327286, 0.8668157984116338}, 
   {1.6470056708601502, 1.148593205575842, 0.5831423862268529}, 
   {0.6285427997024549, 1.6116984700029184, 0.8475818508177203}, 
   {0.7741832764093504, 1.0136585655053327, 0.6304357469005913}, 
   {0.9712915946187453, 1.3596409348636942, 0.4912323743835151}}
"fun3 produced the minimum value of pts"
{1.3388427377348069, 1.4207527713576455, 0.11400182683414331}
1113.9665370182859
