"swarm parameters at initialization:"
  {{1.229492172905048, 1.3325316809653702, 0.8906142853404546}, 
   {1.3261781471975786, 1.4399280591572712, 0.7445948442859693}}
"outputFromOuterPSO with considering the all function"
"Complete output from outer PSO : "
  {{1.2445966529565444, 1.4803378432146816, 0.9836793043891803}, 
   {{1.229492172905048, 1.3325316809653702, 0.8906142853404546}, 
    {1.229492172905048, 1.3325316809653702, 0.8906142853404546}, 
    {1.2756645117324785, 1.4308457201643738, 0.1690068117357268}, 
    {1.1754165175343176, 1.0995978480836404, 0.34057574104652755}, 
    {1.2445966529565444, 1.4803378432146816, 0.9836793043891803}}, 
   {11240.91301183216, 11240.91301183216, 11240.91301183216, 
    11240.91301183216, 11240.913011832152}, 
   {11240.913011832152, 19842.7804740519}, 
   {{1.2445966529565444, 1.4803378432146816, 0.9836793043891803}, 
    {1.154701042735895, 1.0305286219991536, 1.1151472596568377}}}
"History of best pts value : "{11240.91301183216, 11240.91301183216, 
   11240.91301183216, 11240.91301183216, 11240.913011832152}
"Pts values at all positions : "{11240.913011832152, 19842.7804740519}
"Minimum value of pts detected : "11240.913011832152
"Position of best pts value particle in the swarm : "{{1}}
"all parameters position : "{{1.2445966529565444, 1.4803378432146816, 
    0.9836793043891803}, {1.154701042735895, 1.0305286219991536, 
    1.1151472596568377}}
"Parameters for minimun values of pts : "
  {1.2445966529565444, 1.4803378432146816, 0.9836793043891803}
"----------Section with calculation of min pts using set of test \
functions---------"
"function range for u values ="{-5, 5}
"swarm parameters at initialization:"
  {{1.4961173174211968, 1.0467537220948377, 0.5271850820953401}, 
   {1.005014531011759, 1.2320006700113941, 0.7351085995929618}, 
   {1.275521280711763, 1.291073464485784, 0.5905890297532681}, 
   {1.1454227699284467, 1.2416637117883644, 0.603005086458672}, 
   {1.2649557805355223, 1.180415378709064, 0.17693556120230358}, 
   {1.0088083095516311, 1.278648075460989, 0.901926885974913}, 
   {1.2860084453474743, 1.4040726723720023, 0.8407628222671357}, 
   {1.1779735727355223, 1.2958380361685058, 0.8890473489383968}, 
   {1.1538832375558905, 1.083013618003072, 0.22184865515179575}, 
   {1.081606890282741, 1.4847899990569835, 0.12131380770813394}, 
   {1.4527436273922896, 1.4941452167528888, 0.05264053797176782}, 
   {1.202946249344798, 1.0010898745610088, 0.33132213928745413}, 
   {1.3016076019504794, 1.182942806795372, 0.5734172551721011}, 
   {1.11167747551284, 1.4613900481122133, 0.6917074200003557}, 
   {1.2783102875497974, 1.0335814932835745, 0.1666248450578236}, 
   {1.1885242578892266, 1.4236073181154225, 0.2929288458636081}, 
   {1.0292956885807198, 1.3499531275639933, 0.20008488738002095}, 
   {1.1547153537504, 1.0864391951130905, 0.9855580947993925}, 
   {1.0852326538387396, 1.1150231758884108, 0.3935370714696482}, 
   {1.1638109683227484, 1.215147620055722, 0.17508751764392683}, 
   {1.164150240073782, 1.2127672964075176, 0.575882286349902}, 
   {1.3455008219044775, 1.0695965489966777, 0.4790065935418728}, 
   {1.4246726746118907, 1.2820383594599951, 0.9423322505594436}, 
   {1.2584773449591542, 1.2905971123626703, 0.36927397087618297}, 
   {1.2440800108713372, 1.1980992208103378, 0.7791985412461275}, 
   {1.081903512728804, 1.0105869972687744, 0.987255005023129}, 
   {1.2477868561759449, 1.2778081516503952, 0.43783563983739815}, 
   {1.2346374223914336, 1.26765813774441, 0.15758829002193742}, 
   {1.0002927649802265, 1.23100496557845, 0.7666925515099638}, 
   {1.290397725894492, 1.2359179423521225, 0.44782681380366474}}
"function range for u values ="{-5, 5}
"swarm parameters at initialization:"
  {{1.1787229224752132, 1.4346428706533314, 0.5259446396682599}, 
   {1.4390985345442049, 1.1772551331936816, 0.5150620112061557}, 
   {1.0408139658820017, 1.2456518721490824, 0.9899816463433206}, 
   {1.3864452333747215, 1.3955649179516763, 0.5296236804449901}, 
   {1.3505136755402751, 1.014023274615345, 0.3123662699940366}, 
   {1.1094023359630678, 1.061543803865628, 0.10338361759826231}, 
   {1.4507800908695718, 1.2663051704335344, 0.7634615586879048}, 
   {1.3223785354419486, 1.1305628088956414, 0.3620929236253996}, 
   {1.1783293807368962, 1.1608403910771643, 0.21916170361306553}, 
   {1.4667834185065418, 1.094029108934495, 0.42940324950240494}, 
   {1.0555884313873842, 1.041101511626578, 0.33291658987809214}, 
   {1.1503152456095878, 1.3199593581159181, 0.3909265227127996}, 
   {1.3363517657838482, 1.4752082750085238, 0.11397430443610745}, 
   {1.1136984360755895, 1.3948433529973796, 0.6463123580680279}, 
   {1.26990592199201, 1.1788584609552715, 0.22320832665872392}, 
   {1.2863794873297512, 1.1127668575134249, 0.28796811063144934}, 
   {1.4595923226264413, 1.3660467970753754, 0.6239946422627418}, 
   {1.2690648290115552, 1.2348570151480827, 0.4691363611342967}, 
   {1.4176176473271338, 1.1875801882580672, 0.27741394908501404}, 
   {1.07317539292421, 1.0440875667085305, 0.2029282574743918}, 
   {1.4291155735052747, 1.2808760087326676, 0.8213722593649055}, 
   {1.1035375867002717, 1.1762443671878953, 0.24413395184506492}, 
   {1.34565921919692, 1.4847452777635546, 0.06198596102089726}, 
   {1.1285649199559034, 1.2480774657658458, 0.883983401672376}, 
   {1.4387528018430635, 1.0458648885324338, 0.6577194321138964}, 
   {1.2665731137978575, 1.1563867053033927, 0.7326828029748915}, 
   {1.1609177901578054, 1.4786501355379682, 0.922118415478516}, 
   {1.4596846222814284, 1.262149051405499, 0.5423535652194451}, 
   {1.2287918462247367, 1.3197904859563847, 0.9556485254920619}, 
   {1.0056729613337025, 1.0570430833185167, 0.7632481666719642}}
"function range for u values ="{0, 5}
"swarm parameters at initialization:"
  {{1.2635909076049767, 1.0264936198954184, 0.5729910145069479}, 
   {1.0488247917058704, 1.137830891233358, 0.6291372124383094}, 
   {1.3137137446826186, 1.228773947642368, 0.2659596848633765}, 
   {1.0620714358647418, 1.0587894557257844, 0.6321118874804601}, 
   {1.2663185531543675, 1.1578888492476227, 0.28822371859749607}, 
   {1.014611673388104, 1.2481797452221315, 0.8174368399617802}, 
   {1.2454056396675175, 1.2798208975463332, 0.8859826006720533}, 
   {1.0933356536946022, 1.4331168256065672, 0.4614411450592082}, 
   {1.3125068700478133, 1.202223352002409, 0.45773812639846345}, 
   {1.196787631920961, 1.3650075901604364, 0.6734086075031274}, 
   {1.4667315184853236, 1.2732606720861495, 0.5539610884974202}, 
   {1.4731690586468917, 1.4707158168818188, 0.5509372384446756}, 
   {1.4427214605510692, 1.1574765951119383, 0.7291901623577226}, 
   {1.4065922256589003, 1.385910217797342, 0.9913215344215338}, 
   {1.2143966955443537, 1.0039972820384104, 0.10593917612183179}, 
   {1.053830135275803, 1.4378847164874433, 0.667804362888158}, 
   {1.0742251458214422, 1.0349365937711938, 0.6432463542605358}, 
   {1.2983884519383517, 1.1489662003735757, 0.8734969746180814}, 
   {1.4068990965585735, 1.163705022432218, 0.1815753967196736}, 
   {1.314225903436405, 1.2042568855235818, 0.9837746774704201}, 
   {1.1746696718526137, 1.1600293383731557, 0.6034417351713102}, 
   {1.4666350586547354, 1.457375115805799, 0.08551714953648615}, 
   {1.0606226245567063, 1.0779087546402635, 0.5494802212211098}, 
   {1.2401263630494213, 1.29711733600328, 0.7177942652403861}, 
   {1.380341923470545, 1.1053286322503368, 0.9825311516829704}, 
   {1.2006969335272002, 1.2571628953525185, 0.9330257750687978}, 
   {1.3146917211290394, 1.4860349740140504, 0.14970129524850662}, 
   {1.0193357976656754, 1.3353517350438384, 0.1547639754490462}, 
   {1.3739433040295033, 1.1438372277750828, 0.5334892567709799}, 
   {1.3803186119607982, 1.3098035382214568, 0.6971173830704331}}
"function range for u values ="{-5, 5}
"swarm parameters at initialization:"
  {{1.4656859636567667, 1.4366421294219909, 0.1981561535855756}, 
   {1.0819703333627533, 1.3265774676745161, 0.7438259604903488}, 
   {1.0813926367548834, 1.4738835519638869, 0.47897579849504424}, 
   {1.073927973433133, 1.016431811719309, 0.3024014953515317}, 
   {1.2145981965426236, 1.305776720654707, 0.2043035331182006}, 
   {1.4079137306922047, 1.3688493416492231, 0.12265934611731533}, 
   {1.0731537863236966, 1.36257718854463, 0.9280196132912213}, 
   {1.2818542203300245, 1.267111974098567, 0.6283218319493664}, 
   {1.4944724961913876, 1.4069974189089833, 0.11485939684718738}, 
   {1.43499286064062, 1.280057894416559, 0.5206680546419593}, 
   {1.4806097328584822, 1.2504320601482894, 0.5307482068686427}, 
   {1.3877221897600234, 1.3394340899864288, 0.004715524959733264}, 
   {1.4063788122191787, 1.108808769181306, 0.20236179414676259}, 
   {1.0588486615462434, 1.1117318074313118, 0.568258719714271}, 
   {1.1256189684000177, 1.4145423799115275, 0.9049559138573997}, 
   {1.0776119337486798, 1.1080945485305118, 0.14576382264407894}, 
   {1.4875150299880298, 1.1549177146899785, 0.3114158758110639}, 
   {1.2815997400901318, 1.1348559707000088, 0.9219798766817082}, 
   {1.4341366854464797, 1.121680601230988, 0.5157569236076931}, 
   {1.4085385126260443, 1.0341298713797609, 0.4843131715620086}, 
   {1.0782549269731903, 1.1975823997296127, 0.9411887349749566}, 
   {1.4935400958093827, 1.2408418738731566, 0.8759059078885973}, 
   {1.23357834938746, 1.3224695355767524, 0.7069862945677177}, 
   {1.0285366382358683, 1.4662618973371688, 0.6335651157495781}, 
   {1.0979854775100775, 1.2237493714168646, 0.7487128321287646}, 
   {1.2558204035341194, 1.4913184446382417, 0.7995791366018135}, 
   {1.4463257340741236, 1.4849050132214456, 0.7191479076925096}, 
   {1.4441737199577005, 1.4831875426628973, 0.16377017964206875}, 
   {1.0827418767085737, 1.0169471602717268, 0.6399468891926894}, 
   {1.1171173828248522, 1.3636584518519874, 0.8046773738495725}}
"function range for u values ="{-5, 5}
"swarm parameters at initialization:"
  {{1.1057400594574789, 1.1753127029138275, 0.5255728819983356}, 
   {1.3995060637170278, 1.0186598881442237, 0.5609651887389542}, 
   {1.362459228520163, 1.1522250116418946, 0.4289021859750273}, 
   {1.4866964225930515, 1.4399730185433435, 0.9698666582588222}, 
   {1.2325894271886948, 1.35906727451148, 0.7282504049702712}, 
   {1.1953153512248482, 1.1482809077519913, 0.27477991091486964}, 
   {1.181142695446622, 1.0034020263301469, 0.37700154327806623}, 
   {1.3937452143022577, 1.2811165292835782, 0.36282057496831377}, 
   {1.297595624012561, 1.2057429904383965, 0.5286360361594595}, 
   {1.3318625941578914, 1.2759446954984766, 0.10807197504666477}, 
   {1.3014371032341532, 1.0557209386561817, 0.6199675541486873}, 
   {1.1346208106450866, 1.487669498505901, 0.8206920343781434}, 
   {1.4805572812399435, 1.3858781233867101, 0.03210068986416226}, 
   {1.0841454981951228, 1.4411435767447167, 0.9042942003446375}, 
   {1.0699937129746342, 1.2865826391612583, 0.23812148570293457}, 
   {1.2547362326537006, 1.2879240503976486, 0.901564557369946}, 
   {1.3292438140551406, 1.266676865249184, 0.2129085075864401}, 
   {1.3630389870856559, 1.3659122329892193, 0.6727327625515795}, 
   {1.1435276423717058, 1.3699408859086528, 0.07702357667399573}, 
   {1.4749149766086909, 1.4345390385538976, 0.6447982368926084}, 
   {1.181285929277932, 1.0575948459995224, 0.20924549271944315}, 
   {1.336602057377718, 1.431696425337055, 0.2390551209323808}, 
   {1.3000290678930146, 1.2717279621358788, 0.1196973373038468}, 
   {1.0179915932193468, 1.1196713534718965, 0.09083845768721055}, 
   {1.1211813655002598, 1.0237561905184123, 0.6729125211367917}, 
   {1.1984928561611161, 1.0355468140648836, 0.3537041396634468}, 
   {1.3781569081782057, 1.3524236108943621, 0.1264458114372462}, 
   {1.148070009627264, 1.433532561016937, 0.3529189531224344}, 
   {1.1789566380954537, 1.0549302483244172, 0.20993654403310935}, 
   {1.4021826947989917, 1.4216798643946749, 0.759674462915557}}
"function range for u values ="{-5, 5}
"swarm parameters at initialization:"
  {{1.1685148435669153, 1.1207035807151846, 0.9594918392646907}, 
   {1.4612749487923948, 1.26572486699208, 0.5038682775297667}, 
   {1.4011430177208273, 1.3225740257610017, 0.09816149703399613}, 
   {1.1572054958157278, 1.4623918856074059, 0.35042175202294445}, 
   {1.3516331341723076, 1.2586717460726473, 0.7830432945332586}, 
   {1.1198607955938553, 1.2427393179857198, 0.81342506375503}, 
   {1.0765437737908035, 1.3294100191782703, 0.7793395492484501}, 
   {1.3137064006987351, 1.1075103635420063, 0.3835148769098484}, 
   {1.4287178208796605, 1.0993708929271357, 0.8338485057780904}, 
   {1.3220258866179964, 1.0633200895049353, 0.8840706102778888}, 
   {1.1426074878546846, 1.2233996816753332, 0.8991383529375689}, 
   {1.1759790887716581, 1.158657149189829, 0.7324893137859865}, 
   {1.171758432259277, 1.1139715879555943, 0.525198252246537}, 
   {1.4891769718696852, 1.3094856616851849, 0.2618794789852774}, 
   {1.398889376626112, 1.3472855781779458, 0.8660519246577216}, 
   {1.3190912594219584, 1.299152117908985, 0.283910487065139}, 
   {1.4394627126937212, 1.2572151766986037, 0.708436138632069}, 
   {1.3639703474956746, 1.3899717263235625, 0.20366107658667643}, 
   {1.3517199024986084, 1.2482859403298345, 0.757171001328822}, 
   {1.1699082356977968, 1.3546830647881718, 0.8967044489778238}, 
   {1.0326678193369525, 1.320192438608802, 0.48562143963220183}, 
   {1.1274012915924558, 1.183557291633525, 0.17350731138472364}, 
   {1.3789108140282718, 1.1648528328252454, 0.7227819926063535}, 
   {1.0162210739929525, 1.2912055480784888, 0.6872182146229835}, 
   {1.489589802303262, 1.1294606203313022, 0.9064725939245235}, 
   {1.3120115051472303, 1.0864779331197774, 0.5496245358848701}, 
   {1.01597436951283, 1.4439230764437083, 0.5301154831357804}, 
   {1.0098755422627956, 1.1354983461350625, 0.7302177509464558}, 
   {1.4868100704756881, 1.355594363298962, 0.22317711172147892}, 
   {1.1753280163014295, 1.2278310947713946, 0.6302358100012093}}
"function range for u values ="{-5, 5}
"swarm parameters at initialization:"
  {{1.2157836420333146, 1.0439605615502088, 0.5267390850472633}, 
   {1.3283496009119404, 1.1203575727058417, 0.717179716550667}, 
   {1.1922057985246015, 1.2378095910600095, 0.10327313056195475}, 
   {1.1583178490322554, 1.234670795201859, 0.313306161087906}, 
   {1.2046763264800946, 1.3989948256419453, 0.9436831206431733}, 
   {1.3415227894216986, 1.3148613198361545, 0.8274717686553648}, 
   {1.115963086933597, 1.2103193803446164, 0.7314159394702395}, 
   {1.1807215893748249, 1.0762191690438128, 0.8455732094184769}, 
   {1.4350190371237954, 1.2164606359981571, 0.084654662454271}, 
   {1.4961053024096398, 1.180800255782179, 0.9653643250170947}, 
   {1.4690776820169331, 1.3961052433446026, 0.3489795127036561}, 
   {1.4282371869745183, 1.3781706721981486, 0.045771826240071256}, 
   {1.2292056964724243, 1.3779391458518127, 0.42581979146996796}, 
   {1.2004392152087684, 1.3635242257604505, 0.27167911653976096}, 
   {1.2760967968869061, 1.024667400308351, 0.4547128711320354}, 
   {1.2149492916779348, 1.2784372051979376, 0.8216122704428404}, 
   {1.421599295746447, 1.2246142485351341, 0.45083371366880076}, 
   {1.4588204659704176, 1.1831227874121448, 0.44330332905315495}, 
   {1.1851563863705108, 1.3762866694117193, 0.4518139308734681}, 
   {1.3530381741525566, 1.4848428394858741, 0.6750032165558248}, 
   {1.0295159535172922, 1.00820570822424, 0.2873908687053994}, 
   {1.3397961199965498, 1.34406125850668, 0.6880140092401974}, 
   {1.483348379196455, 1.318657650990561, 0.0754072357476514}, 
   {1.3051737149313816, 1.2835130643516404, 0.7743399271531806}, 
   {1.2069238358639178, 1.4755886322991125, 0.7906616674787648}, 
   {1.4009212279493506, 1.0804909608506108, 0.3170666009264529}, 
   {1.1458960513562126, 1.4897685728408054, 0.9452468044220357}, 
   {1.4042349349339747, 1.2148795186967278, 0.5965861669253651}, 
   {1.0465908356474993, 1.2323077627337824, 0.5054450214918023}, 
   {1.244204820608311, 1.4403809616725627, 0.8703803239921466}}
"fun3 produced the minimum value of pts"
{1.3753292245219584, 1.1320066078514457, 0.14818444268672226}
3764.6801533311054
