"swarm parameters at initialization:"
  {{1.2044119184433166, 1.0913225342434847, 0.7655460965830501}, 
   {1.1050855985818877, 1.3961901893322568, 0.2754763971659884}}
"outputFromOuterPSO with considering the all function"
"Complete output from outer PSO : "
  {{1.2435743222457583, 1.3880943909259185, 0.41948052569187033}, 
   {{1.2044119184433166, 1.0913225342434847, 0.7655460965830501}, 
    {1.2044119184433166, 1.0913225342434847, 0.7655460965830501}, 
    {1.449458161974965, 1.0646062210328637, 0.057726522537424496}, 
    {1.2435743222457583, 1.3880943909259185, 0.41948052569187033}, 
    {1.2435743222457583, 1.3880943909259185, 0.41948052569187033}}, 
   {14835.310218608485, 14835.310218608485, 11240.91301183216, 
    11240.91301183216, 11240.91301183216}, 
   {16052.996147965367, 14835.310218608485}, 
   {{1.2136897919043133, 1.4427974262834011, 0.715074681425601}, 
    {1.2701986719569942, 1.008699688486915, 0.6475052915911448}}}
"History of best pts value : "{14835.310218608485, 14835.310218608485, 
   11240.91301183216, 11240.91301183216, 11240.91301183216}
"Pts values at all positions : "{16052.996147965367, 14835.310218608485}
"Minimum value of pts detected : "14835.310218608485
"Position of best pts value particle in the swarm : "{{2}}
"all parameters position : "{{1.2136897919043133, 1.4427974262834011, 
    0.715074681425601}, {1.2701986719569942, 1.008699688486915, 
    0.6475052915911448}}
"Parameters for minimun values of pts : "
  {1.2701986719569942, 1.008699688486915, 0.6475052915911448}
"----------Section with calculation of min pts using set of test \
functions---------"
"function range for u values ="{-5, 5}
"swarm parameters at initialization:"
  {{1.203199500972397, 1.432077887713845, 0.7841543295559981}, 
   {1.4275026579122836, 1.0577043398632995, 0.5762240755094679}, 
   {1.2008832189255803, 1.0227379942555312, 0.8786729029564455}, 
   {1.3563316071553313, 1.2057760550059389, 0.6982253605194613}, 
   {1.4158099532148554, 1.0741331052965057, 0.08886818921086026}, 
   {1.1393194433106508, 1.2462628620424159, 0.920653656733335}, 
   {1.3511374102588412, 1.3644048408506948, 0.9755481257291154}, 
   {1.408937201831937, 1.083916222872809, 0.13983000012941194}, 
   {1.32636731893459, 1.1494061490368326, 0.0367983012468982}, 
   {1.2355648609360768, 1.493303186547733, 0.12197865908880545}, 
   {1.383372786389958, 1.3877361416472687, 0.932358010044829}, 
   {1.489264084513996, 1.4779810982742947, 0.6852706552071084}, 
   {1.3818676660520604, 1.2884173583080143, 0.431619715137203}, 
   {1.0825136099896349, 1.363462279107798, 0.15893136446183243}, 
   {1.4164126018424383, 1.4410763141703165, 0.16645058226400322}, 
   {1.1116904328286394, 1.1808399563343817, 0.3413359508801257}, 
   {1.2859061127056468, 1.4622839677109578, 0.7374015703464412}, 
   {1.0415000389815063, 1.2006598539976399, 0.217225921328968}, 
   {1.4432223936936455, 1.2658876730742414, 0.2667951217692097}, 
   {1.097870030981892, 1.3223230275630935, 0.44217230439912436}, 
   {1.1114057277590332, 1.3367090278645168, 0.6911118473001863}, 
   {1.3413183523204428, 1.1010997059819325, 0.6633868574920956}, 
   {1.4602793599931692, 1.2877790922691066, 0.5978321645443954}, 
   {1.0046448093157332, 1.4478690344992402, 0.7537774016940468}, 
   {1.1340209121761655, 1.2711671711307315, 0.5292541964897644}, 
   {1.305876607289401, 1.3532944392160031, 0.3539204000476499}, 
   {1.0213497339611843, 1.4654748510387923, 0.39090940338109625}, 
   {1.1597524091050704, 1.17412087688025, 0.7962254256494443}, 
   {1.471919504083942, 1.3595162900010016, 0.9722331152539316}, 
   {1.0762372701641068, 1.0636072909310008, 0.4834318271459046}}
"function range for u values ="{-5, 5}
"swarm parameters at initialization:"
  {{1.4621759085577786, 1.4188842883683284, 0.7700757374583496}, 
   {1.4273619482001094, 1.0999492710718377, 0.776151323774031}, 
   {1.2878738823475466, 1.1510812176071508, 0.5288710430369195}, 
   {1.3902976166584256, 1.1979715310808299, 0.09885824112794994}, 
   {1.3900771073725928, 1.3931160416223902, 0.8257971290538393}, 
   {1.2924644200353386, 1.3327286105614882, 0.645404866802572}, 
   {1.3488563974589856, 1.016561547900015, 0.9583321468567563}, 
   {1.3450925184292655, 1.2421298286845404, 0.4488905218073511}, 
   {1.1575083865195746, 1.3103889616173334, 0.31939772857478577}, 
   {1.4425155007142592, 1.3966132500188597, 0.5120270344846758}, 
   {1.0076624173813566, 1.1698697451044429, 0.9229277155965074}, 
   {1.3655033036278166, 1.1073590139087903, 0.5275063920748939}, 
   {1.3306596121100585, 1.1256041934836682, 0.1178212403788168}, 
   {1.1393703506080328, 1.3935329365749134, 0.5876190803524906}, 
   {1.2597240291238434, 1.1824534294096893, 0.14687674277941842}, 
   {1.013374973458595, 1.4635521279542425, 0.8019259800940681}, 
   {1.0506142770020932, 1.1862908101973466, 0.9310244756507475}, 
   {1.1004435553626104, 1.468675246005378, 0.49348520722916733}, 
   {1.0587500032315413, 1.0657764002102228, 0.9851767058010477}, 
   {1.3893818520773993, 1.1394898901776838, 0.6783479977200753}, 
   {1.0132778303306904, 1.1646313866752012, 0.847528328606491}, 
   {1.3696936365209735, 1.0313380933174372, 0.4569382909253563}, 
   {1.4481810484125002, 1.134011824549507, 0.49072837953558235}, 
   {1.3108772535590265, 1.1687542942652964, 0.9886810817759835}, 
   {1.3865849362377478, 1.4266742863463187, 0.3023118823812698}, 
   {1.0409422243114266, 1.3459364428587721, 0.37533221670869166}, 
   {1.1360603222071295, 1.0295632823086502, 0.5679912841620196}, 
   {1.0211537140918647, 1.1449029232492025, 0.23305828686081376}, 
   {1.3149391981441687, 1.0778171020429306, 0.8867813064350962}, 
   {1.1580053682621154, 1.4459890752992495, 0.0871705952335855}}
"function range for u values ="{0, 5}
"swarm parameters at initialization:"
  {{1.1500735124443624, 1.3136464322858141, 0.12881623878689497}, 
   {1.4988809889208925, 1.2403326287837722, 0.14927901105088903}, 
   {1.476428272227789, 1.1275986746070086, 0.7701969020504067}, 
   {1.1207701801279681, 1.4976783109452347, 0.73874418363828}, 
   {1.4342649864186738, 1.0473899571792762, 0.5815121335278206}, 
   {1.3348397118911475, 1.3355533704095528, 0.9438000232897847}, 
   {1.0410892385689927, 1.105602433653484, 0.37344757376279936}, 
   {1.1697747437825492, 1.3843335184835457, 0.3789499763630848}, 
   {1.0693021593283416, 1.141971119152573, 0.40672128303749955}, 
   {1.052431671315832, 1.3134913673414026, 0.5983339150606763}, 
   {1.1421873249541874, 1.3104625193787098, 0.4625193500480864}, 
   {1.22474813121662, 1.376887962345382, 0.9890466592866094}, 
   {1.1150544188198945, 1.482917124949838, 0.38668969546250453}, 
   {1.3576939106537762, 1.4717402696453585, 0.7468002934935385}, 
   {1.117392077700784, 1.0867542075156884, 0.822953014763071}, 
   {1.0135298514053785, 1.0908509638717687, 0.5837450947644514}, 
   {1.0056358672101644, 1.1462850402417417, 0.7533182981189555}, 
   {1.1819544165396656, 1.490056914536309, 0.8043352085914526}, 
   {1.2583688975341598, 1.1335439717531215, 0.6821818397265595}, 
   {1.0653693644279256, 1.1046262852573683, 0.7836041349110556}, 
   {1.4512981273541818, 1.093313618878907, 0.20337036734288638}, 
   {1.3384194731421415, 1.483644228870193, 0.31517551406149247}, 
   {1.3122042086172172, 1.3032510721919741, 0.9383325740195614}, 
   {1.1851235699720106, 1.4520913738290044, 0.8122131690513448}, 
   {1.0213366003156719, 1.018864756171852, 0.25928536252962253}, 
   {1.438542821184658, 1.2846500618421854, 0.7659847812106089}, 
   {1.4381512541354806, 1.4160765423660966, 0.9036210220126712}, 
   {1.1788360179304331, 1.3092072842168019, 0.7604755809102899}, 
   {1.3104736834191566, 1.213832707160876, 0.1804811499748058}, 
   {1.3643712142393076, 1.139758942987978, 0.07232806729115837}}
"function range for u values ="{-5, 5}
"swarm parameters at initialization:"
  {{1.3205809798854498, 1.342105800657732, 0.528301895068648}, 
   {1.2522600481652264, 1.14559845725406, 0.10019204719393593}, 
   {1.2003821213625545, 1.2258529367408701, 0.5826890281116028}, 
   {1.359203543431366, 1.257278858599258, 0.9643759136259165}, 
   {1.2788074832092162, 1.2534522385219475, 0.8277544908167795}, 
   {1.0852785816505526, 1.0811795857777113, 0.4115516530017298}, 
   {1.0729101107297607, 1.1827337712582549, 0.48501080233801974}, 
   {1.3911309646386556, 1.4156633809470522, 0.7613689408946587}, 
   {1.1566583420672334, 1.3375322075561762, 0.7096310170649156}, 
   {1.3736753928931407, 1.32162739320683, 0.9319546576031807}, 
   {1.1027094462727471, 1.043694755673891, 0.6801594978278775}, 
   {1.048037602606469, 1.399187901177347, 0.9074014773409298}, 
   {1.0302684134615483, 1.3430793227481241, 0.6328666003345602}, 
   {1.0699681021359302, 1.194286661584865, 0.917123329691808}, 
   {1.00165556617561, 1.4373955850702331, 0.8841141949614075}, 
   {1.2864924863191545, 1.2184897337387195, 0.9937046220532271}, 
   {1.0349303170035027, 1.071061003085548, 0.003526034111105414}, 
   {1.0741910599657714, 1.3872383261018313, 0.1695176483996037}, 
   {1.0072338036240545, 1.2323218294711284, 0.5612140800006453}, 
   {1.182563219943011, 1.4853364422218318, 0.5541896562388828}, 
   {1.2710198839906908, 1.2816406220237857, 0.8718565131325693}, 
   {1.4183038065607405, 1.2492671517325256, 0.16522244412797638}, 
   {1.4053825407482459, 1.0405110537575557, 0.5521983511695381}, 
   {1.106781430018612, 1.2189426511391315, 0.8376917273531288}, 
   {1.4794046144447681, 1.1699573056203223, 0.23752119778832803}, 
   {1.4980857327355412, 1.3748869754457727, 0.829102245111629}, 
   {1.476631671446626, 1.2614132322710807, 0.9165661782216024}, 
   {1.136415721160914, 1.4051697427071907, 0.021891280179079375}, 
   {1.2545169629181072, 1.0009643105870067, 0.40545341026783976}, 
   {1.041002432575838, 1.197705714530835, 0.920066200576779}}
"function range for u values ="{-5, 5}
"swarm parameters at initialization:"
  {{1.4037785077878997, 1.2972127013907366, 0.7080218166996062}, 
   {1.0416876023001516, 1.1604772200034799, 0.05058984378029452}, 
   {1.3699928899855873, 1.164057115867141, 0.7565654157797552}, 
   {1.2355621709621913, 1.3526965530023807, 0.5748030942184155}, 
   {1.3587295236163577, 1.4589296644647611, 0.2537489583889947}, 
   {1.2303681053338622, 1.2147484222375589, 0.8797929944995955}, 
   {1.2195813676196097, 1.1504349020607683, 0.10064871200471548}, 
   {1.431500018227161, 1.458922336275136, 0.2264114667471897}, 
   {1.1569859285191924, 1.2003599930215634, 0.21060897095867825}, 
   {1.3155715875366782, 1.3850475677429743, 0.5952095359504239}, 
   {1.4573058816685283, 1.0754204618572563, 0.5893614753842586}, 
   {1.0497240110086095, 1.1142884038191583, 0.3512663337006616}, 
   {1.155260155593247, 1.2721924154553386, 0.4857309345272671}, 
   {1.3202391679389494, 1.1183197913676093, 0.6591957679314429}, 
   {1.1171056911418087, 1.4767843431875596, 0.57846843060016}, 
   {1.0462040493636424, 1.062300343587781, 0.9140173666998455}, 
   {1.425678697233694, 1.303129515965651, 0.6101076681430115}, 
   {1.2888312425884583, 1.044996104288431, 0.6668883071545744}, 
   {1.1934762315981626, 1.3695297771118962, 0.3015494795090552}, 
   {1.402704878803605, 1.4146215016041404, 0.7533920786402997}, 
   {1.1074468781734321, 1.1172900803928094, 0.29751443579862014}, 
   {1.194795976793718, 1.0154686669706674, 0.3135894894262017}, 
   {1.1660935114984632, 1.037649897893869, 0.9349420941671924}, 
   {1.2002625326848984, 1.0544675006828856, 0.9467702900339301}, 
   {1.3732930106808823, 1.4398693675260144, 0.49699899925991997}, 
   {1.2628772085310591, 1.0259916165059817, 0.3864560319139638}, 
   {1.0920529190660475, 1.2052515395770027, 0.07590382831365505}, 
   {1.4905288325547945, 1.429265531549099, 0.42884992086702867}, 
   {1.2754980887057052, 1.1297842030832452, 0.09123423214211179}, 
   {1.497398827119738, 1.1639193787859288, 0.1187075574222356}}
"function range for u values ="{-5, 5}
"swarm parameters at initialization:"
  {{1.0994747973642252, 1.408062509975049, 0.9134186638764286}, 
   {1.2814702663632174, 1.1408343693120075, 0.09602164999352825}, 
   {1.3758373803126356, 1.185615164851797, 0.06460393689547117}, 
   {1.0327931941635313, 1.0581360683124048, 0.6487469209598875}, 
   {1.1797980417512357, 1.4692336993863417, 0.46103671331958496}, 
   {1.3053690110883212, 1.2839881863395033, 0.22374893639822635}, 
   {1.1613253319479342, 1.3340495641955106, 0.2055631661165127}, 
   {1.0613342080340864, 1.2510917957678527, 0.20312176291210315}, 
   {1.248796409246919, 1.1280347374395352, 0.3201359056468098}, 
   {1.3456525414617135, 1.0333830035641203, 0.8235283891229634}, 
   {1.087420578878778, 1.2919172057223403, 0.7954167260076888}, 
   {1.1567029568498004, 1.42210004137704, 0.5158806242023299}, 
   {1.434247795032771, 1.1300916553462252, 0.8628214492740915}, 
   {1.1094078782148622, 1.2551349666921867, 0.3893158309750804}, 
   {1.245113208061865, 1.352738994936264, 0.1969972839977201}, 
   {1.107897909907167, 1.3353293287966335, 0.5557550428334725}, 
   {1.0210205239334198, 1.1258558954139215, 0.07411215495729895}, 
   {1.172350338641109, 1.3651165419907025, 0.5026750774642677}, 
   {1.2311920121870887, 1.0986613692626568, 0.9324171594697097}, 
   {1.3340640889316204, 1.1556604971196636, 0.5753365023176207}, 
   {1.1065723095064912, 1.2287065846453233, 0.4187867531602256}, 
   {1.352072281139601, 1.2448080554179064, 0.6926816634935091}, 
   {1.3070519355019732, 1.0131929954718069, 0.19369980550243726}, 
   {1.0246238382078845, 1.3502853506840289, 0.795225484021419}, 
   {1.2680111164541745, 1.4112960602541138, 0.5233274182729097}, 
   {1.4725864077045738, 1.2023630754393597, 0.6255640129928695}, 
   {1.3254394138498178, 1.0115601948287893, 0.6545405148327195}, 
   {1.4508813718839026, 1.0288826829850415, 0.7723663668775784}, 
   {1.3399922335601937, 1.2621431649779689, 0.538037823161728}, 
   {1.304418285069151, 1.4026857497520648, 0.7460224583052528}}
"function range for u values ="{-5, 5}
"swarm parameters at initialization:"
  {{1.3911199749124585, 1.1318373433572777, 0.5499255439113055}, 
   {1.2899703744249449, 1.2944327319249005, 0.5547118108950562}, 
   {1.2092806084971341, 1.2690307688712346, 0.9347653896147194}, 
   {1.2176451455422619, 1.1682003296748613, 0.2364492261250657}, 
   {1.0320091152736648, 1.0116185670493394, 0.5090016602946383}, 
   {1.0233197076683265, 1.2339153406268721, 0.8910673191322396}, 
   {1.3643932494355937, 1.1302282069409348, 0.8147296828154689}, 
   {1.4505592453517424, 1.1669404436394322, 0.7055310872094571}, 
   {1.1654115456229808, 1.350983591450052, 0.6801505883936139}, 
   {1.2926325344731302, 1.1935573947942109, 0.4830658806496353}, 
   {1.4696808956143044, 1.3341132668374753, 0.6679634422274701}, 
   {1.2196382207367977, 1.3104346996175813, 0.4598393718551903}, 
   {1.3640356186908706, 1.1378461827419493, 0.32307845194836404}, 
   {1.3361553108282025, 1.129546305503009, 0.8044408334042292}, 
   {1.4446305806590756, 1.0627503848449296, 0.9072383022102044}, 
   {1.0303295481869599, 1.1110871109891316, 0.6079055062985419}, 
   {1.1576621117528678, 1.0769110503385633, 0.16741336424432673}, 
   {1.1357730962532102, 1.4457177641358077, 0.8629449875485944}, 
   {1.2583699167632583, 1.0854154315162634, 0.9685586490254876}, 
   {1.2103397291868419, 1.2919679366123282, 0.30370837483958946}, 
   {1.1988081046588186, 1.1091676225728895, 0.3535585051400405}, 
   {1.3313990578076647, 1.360814381509777, 0.43417664221879027}, 
   {1.3934939234419539, 1.3482674360982774, 0.39477117347315605}, 
   {1.3511718716716483, 1.0824644730095025, 0.28189135834646173}, 
   {1.306386182523116, 1.1481989277532523, 0.9430388633592046}, 
   {1.2338166018450694, 1.1480984750149894, 0.3662240128262537}, 
   {1.0307096303057526, 1.2614181613945041, 0.17383637935629248}, 
   {1.1623409269003264, 1.0369501064483777, 0.7265082488712888}, 
   {1.0813596393860414, 1.3005970147282793, 0.2928029901858431}, 
   {1.2659621055000514, 1.024260934768987, 0.5041155453939019}}
"fun1 produced the minimum value of pts"
{1.2419901998742928, 1.3010602347617197, 1.5809876024596934}
1418.3249303096707
