"swarm parameters at initialization:"
  {{1.1761997405216582, 1.4961258637828114, 0.41313824745862027}, 
   {1.009860690548547, 1.0176223217282006, 0.7941330026177316}}
"outputFromOuterPSO with considering the all function"
"Complete output from outer PSO : "
  {{1.0443907325435313, 1.1129801989617967, 0.6835814917097068}, 
   {{1.0443907325435313, 1.1129801989617967, 0.6835814917097068}, 
    {1.0443907325435313, 1.1129801989617967, 0.6835814917097068}, 
    {1.0443907325435313, 1.1129801989617967, 0.6835814917097068}, 
    {1.0443907325435313, 1.1129801989617967, 0.6835814917097068}, 
    {1.0443907325435313, 1.1129801989617967, 0.6835814917097068}}, 
   {11920.874711466435, 11920.874711466435, 11920.874711466435, 
    11920.874711466435, 11920.874711466435}, 
   {14835.310218608494, 19842.7804740519}, 
   {{1.223125347487304, 1.3788384752102187, 0.09972898625207682}, 
    {1.1615999427418233, 1.4889173049038815, 0.3864105235526254}}}
"History of best pts value : "{11920.874711466435, 11920.874711466435, 
   11920.874711466435, 11920.874711466435, 11920.874711466435}
"Pts values at all positions : "{14835.310218608494, 19842.7804740519}
"Minimum value of pts detected : "14835.310218608494
"Position of best pts value particle in the swarm : "{{1}}
"all parameters position : "{{1.223125347487304, 1.3788384752102187, 
    0.09972898625207682}, {1.1615999427418233, 1.4889173049038815, 
    0.3864105235526254}}
"Parameters for minimun values of pts : "
  {1.223125347487304, 1.3788384752102187, 0.09972898625207682}
"----------Section with calculation of min pts using set of test \
functions---------"
"function range for u values ="{-5, 5}
"swarm parameters at initialization:"
  {{1.308600222264026, 1.2391874347630645, 0.6726090896411137}, 
   {1.406719296760702, 1.0133947798035843, 0.6477163092302691}, 
   {1.4664655366260395, 1.3613951507449458, 0.42119274213432023}, 
   {1.0573533506921635, 1.0718510603577927, 0.0014401516672586379}, 
   {1.247137584069584, 1.3809242332983895, 0.1792017984344103}, 
   {1.0781103023203789, 1.0090698303802996, 0.008559545062492013}, 
   {1.441913605390444, 1.4187440084864649, 0.9079356587022447}, 
   {1.4389284562283846, 1.0232823852480841, 0.38774052999959063}, 
   {1.1361341759704378, 1.085738244383534, 0.3656004351423303}, 
   {1.2976668746659004, 1.3511872651958878, 0.7740213833895717}, 
   {1.0573579901233106, 1.3026838644697911, 0.4549788175316889}, 
   {1.4473625293966603, 1.2749654429034494, 0.36888622811671556}, 
   {1.1920314865680068, 1.3770157610379261, 0.531682911472531}, 
   {1.2332491925060605, 1.191298255230972, 0.7692857291725284}, 
   {1.3022694439985099, 1.3795219768618605, 0.35681690967132185}, 
   {1.4498188152190323, 1.492140801547019, 0.5020931161187596}, 
   {1.012648319433716, 1.039508492848288, 0.7143234256677724}, 
   {1.2466009652741898, 1.3825432196492322, 0.8036671837428562}, 
   {1.2918568500465417, 1.219555973700114, 0.6925504099377979}, 
   {1.492087838039303, 1.4419332425345812, 0.5680493966999063}, 
   {1.036711737633606, 1.2609845619232845, 0.09306045018610454}, 
   {1.3984538815551302, 1.1903691347779397, 0.06661845467818472}, 
   {1.0786682008606134, 1.2044237425420081, 0.10698937362803385}, 
   {1.3227702421214667, 1.384609060013175, 0.09167489386340044}, 
   {1.4356034639036577, 1.1111004260470156, 0.46881978458192597}, 
   {1.044693229283404, 1.0218867082441532, 0.8977133186381623}, 
   {1.1706762778588142, 1.1820480979205388, 0.01909071227162351}, 
   {1.4086108796026995, 1.4564653606555213, 0.36198375404263095}, 
   {1.207375363265242, 1.4547584906717153, 0.0827217737123973}, 
   {1.379929559399942, 1.221161194868524, 0.3088539660482368}}
"function range for u values ="{-5, 5}
"swarm parameters at initialization:"
  {{1.4068505950471888, 1.2203540903680588, 0.2573081641867494}, 
   {1.0776364384775108, 1.2652368676572832, 0.7429597018661718}, 
   {1.4640600511016717, 1.37963865041559, 0.31992694388295906}, 
   {1.201378754061839, 1.466062238366236, 0.2620636558185603}, 
   {1.0254213977079996, 1.1583749772590892, 0.4417099612723421}, 
   {1.0224180013124826, 1.4750902677878115, 0.5249810824507055}, 
   {1.0615029401626508, 1.3390380051320774, 0.8087617479796896}, 
   {1.1439156106351747, 1.1406405866239284, 0.6620434389950771}, 
   {1.3239446319617167, 1.2595075724414604, 0.7700329521806142}, 
   {1.3798108084510647, 1.3525310997254634, 0.23913816023104983}, 
   {1.292243191218433, 1.0678911758620353, 0.01760536767024634}, 
   {1.1079192527871813, 1.202791852478365, 0.79383459739979}, 
   {1.0133235699717686, 1.0928165579527707, 0.931669748345086}, 
   {1.3817398338942888, 1.080052705108308, 0.3017337923772394}, 
   {1.497171280469164, 1.0143708149122683, 0.9967549171630357}, 
   {1.2385562830231036, 1.4051737366138932, 0.5660491560399608}, 
   {1.4746630138944814, 1.0732264787631922, 0.7405587864550542}, 
   {1.4604793370172726, 1.41741716715073, 0.02306381065216545}, 
   {1.2367165139889515, 1.4624564927831172, 0.07132074691492618}, 
   {1.1011621196298869, 1.1574119677240413, 0.30351161907732194}, 
   {1.0746198286954034, 1.000543450445368, 0.9454974358495647}, 
   {1.0947769134774543, 1.0172993320394839, 0.5043723993855556}, 
   {1.4034731606460715, 1.3256066614870574, 0.25350579445365407}, 
   {1.4259599421243823, 1.4665575290290171, 0.20119379298130502}, 
   {1.371302131444699, 1.4914336755357807, 0.7964965859268553}, 
   {1.0837947171740705, 1.4482028826599973, 0.4300256134518805}, 
   {1.2966136437230507, 1.4197333599422342, 0.17474158769925174}, 
   {1.0224469128371139, 1.1338795041439225, 0.4209169654395686}, 
   {1.1930590228909959, 1.4458866892192828, 0.14917510462221362}, 
   {1.4459422149682695, 1.2829219671365504, 0.19341010757585053}}
"function range for u values ="{0, 5}
"swarm parameters at initialization:"
  {{1.4071024300676984, 1.3870125665873076, 0.933731090479681}, 
   {1.4280212272960728, 1.3666869521044016, 0.07471010522123489}, 
   {1.3849404140158676, 1.2334985797422309, 0.759865496766833}, 
   {1.19537953851325, 1.22511423813949, 0.027739718254040868}, 
   {1.3844967257894534, 1.390881363649568, 0.754694331100237}, 
   {1.1389806243564045, 1.364341832431959, 0.9343204796548104}, 
   {1.2961031072221492, 1.0105027956662147, 0.8769317777687999}, 
   {1.0430984089705766, 1.1594205205217771, 0.7567870237586833}, 
   {1.3540361768983242, 1.292490841705089, 0.7855188303833556}, 
   {1.1428451862613984, 1.4950389426517532, 0.9500231175922411}, 
   {1.351831627939474, 1.0439857437399764, 0.5277448567693062}, 
   {1.3898605100353156, 1.1905845084154385, 0.7524127124684232}, 
   {1.4040017407519285, 1.4680279049960734, 0.8663349583082602}, 
   {1.2002316546503553, 1.443952377949543, 0.9337479675081091}, 
   {1.400858566010375, 1.3630225973556773, 0.5412427720577782}, 
   {1.3534039877807214, 1.3281676844211927, 0.16665987654872527}, 
   {1.332306553129361, 1.344898664178095, 0.22192525839773514}, 
   {1.042115866706078, 1.1064228063124566, 0.8049884605714102}, 
   {1.3362805553787465, 1.4208996689379558, 0.4886901679453999}, 
   {1.1521024626244714, 1.3022354794307613, 0.9014263430681657}, 
   {1.342199362793114, 1.0046975193780165, 0.4642398988790357}, 
   {1.0505537730148051, 1.1248810191570957, 0.03769269348720172}, 
   {1.0284380946041063, 1.4878244835045549, 0.5185264420106954}, 
   {1.37638344989657, 1.3926993737997266, 0.02463446541482739}, 
   {1.271039975302787, 1.320625088872303, 0.3407025781550883}, 
   {1.2257220504745079, 1.3909703068403458, 0.9494470015369083}, 
   {1.1819027432190015, 1.38694850672003, 0.47241412642182}, 
   {1.3931819167277322, 1.2492246579968822, 0.03579663003381017}, 
   {1.3808958729674068, 1.0824011571501666, 0.428844322928684}, 
   {1.1150589100760828, 1.356828702942338, 0.8234260550426398}}
"function range for u values ="{-5, 5}
"swarm parameters at initialization:"
  {{1.2308428945311958, 1.3488687562791206, 0.9441625356650012}, 
   {1.3138661615187819, 1.4719134482482215, 0.5619202401082373}, 
   {1.3510041358557516, 1.4175065706766092, 0.5451651156288513}, 
   {1.4542326608100664, 1.3050028808163, 0.5172653969349941}, 
   {1.3137507235531185, 1.0103552402552105, 0.7980889413805328}, 
   {1.397912616770258, 1.2558198990581904, 0.48439463881809597}, 
   {1.2831714869870217, 1.0392025974351335, 0.17356979957769658}, 
   {1.062138173668321, 1.1674773568355012, 0.7516487550946396}, 
   {1.4852703366682989, 1.4391875774003569, 0.5117601247989434}, 
   {1.2779175574766328, 1.2495300874321131, 0.8690604510426729}, 
   {1.092666747264783, 1.0448832553461047, 0.23187121704928026}, 
   {1.2792538621314988, 1.14230251776365, 0.660844473810241}, 
   {1.1950687124714054, 1.2112410266088713, 0.0045723847776082405}, 
   {1.3613816508852885, 1.447909237096307, 0.5621915066443783}, 
   {1.1684317897441967, 1.022663855584499, 0.46754030002635605}, 
   {1.4551955676068355, 1.2167258749596632, 0.6392850901926659}, 
   {1.435581514378427, 1.4146989720517054, 0.5310863258338585}, 
   {1.443914615053092, 1.1772805439057894, 0.27320978336134916}, 
   {1.2201027202813983, 1.0452322054062202, 0.9071905570335754}, 
   {1.4222137907344945, 1.4562017086048775, 0.8683967278569888}, 
   {1.4303701567535616, 1.0534652681893806, 0.10120804401570971}, 
   {1.1457951015134737, 1.2173948706633069, 0.07287824855819514}, 
   {1.1890381763143376, 1.111673898405008, 0.027422672577423368}, 
   {1.310258320437537, 1.4953636523816531, 0.8350274492131347}, 
   {1.126453113856274, 1.4790545700357687, 0.4572660170393341}, 
   {1.3378667203244434, 1.275924799460411, 0.7887109132557051}, 
   {1.2232647603920714, 1.3718800052435878, 0.744588732646722}, 
   {1.0480171682007395, 1.2082116394949627, 0.22142293663018897}, 
   {1.2552464368106315, 1.4438545881808507, 0.5349379203155955}, 
   {1.0270454361203125, 1.345968543544826, 0.5012110671046341}}
"function range for u values ="{-5, 5}
"swarm parameters at initialization:"
  {{1.0412847084080084, 1.2455327992233725, 0.5333104289793018}, 
   {1.391855637230216, 1.328490169998165, 0.21295840332910387}, 
   {1.3555632139126426, 1.1433934395300742, 0.8888076871206061}, 
   {1.0573734084955417, 1.2830096441096877, 0.46692151932177617}, 
   {1.2900894398820375, 1.2060236471460937, 0.762535413336648}, 
   {1.0528969658201608, 1.4974456458740946, 0.31663922785238774}, 
   {1.3761626550506527, 1.3772927069251388, 0.48128086851108853}, 
   {1.1099919192784085, 1.0295825259278333, 0.41942333739184146}, 
   {1.2295768314537743, 1.471975177952952, 0.913080157473444}, 
   {1.4012394463662925, 1.4679147382809412, 0.6921750303552716}, 
   {1.021061177844187, 1.0713497321383578, 0.17580977669244668}, 
   {1.4698349702652416, 1.3449465165454662, 0.295004615430575}, 
   {1.1369379425558916, 1.4560381231976578, 0.2725255283672865}, 
   {1.0779224309298283, 1.3893951513171952, 0.48722167839211705}, 
   {1.328272921059353, 1.0657640174369756, 0.45372481585126945}, 
   {1.1720229491399086, 1.3412580952385933, 0.380850487014619}, 
   {1.4404165369931543, 1.2121500367620142, 0.8205687938907349}, 
   {1.348422505249471, 1.2866512159094656, 0.23397156582060807}, 
   {1.2544970478939996, 1.432277330314671, 0.2192967428088366}, 
   {1.3757063638443494, 1.0996054052023068, 0.17156827731392066}, 
   {1.2529921249136124, 1.429404414729604, 0.7132775298781227}, 
   {1.1013942263677454, 1.4385639403248938, 0.9803587694976856}, 
   {1.4352126126668168, 1.4019161399606936, 0.969708676429214}, 
   {1.2042666494585208, 1.2247273774906433, 0.33977123720402025}, 
   {1.3033022591605778, 1.0834171169342526, 0.2523907889483903}, 
   {1.3896270827860442, 1.2747624086881613, 0.052357472800914406}, 
   {1.2136229589278758, 1.2956717931892032, 0.5780049203050808}, 
   {1.3791964771847367, 1.1011074557989704, 0.21730372785953644}, 
   {1.4466971054100553, 1.1567939862416614, 0.07588152464314546}, 
   {1.1732114042369313, 1.2629784847286492, 0.7242760018850329}}
"function range for u values ="{-5, 5}
"swarm parameters at initialization:"
  {{1.4868540451568975, 1.4618605730953074, 0.37333458843843936}, 
   {1.3607160898428146, 1.152660274597652, 0.5095837427127494}, 
   {1.1005053411553658, 1.2778138488059079, 0.17261657641015593}, 
   {1.1275673144059652, 1.190911699089088, 0.5327413133288541}, 
   {1.3353405522812403, 1.016404636180006, 0.23220791948191755}, 
   {1.4768513403482175, 1.029927504818531, 0.8442244727177737}, 
   {1.2572839064489871, 1.2112329406621467, 0.44760678721666336}, 
   {1.2627414206017606, 1.349755556658352, 0.1878502007612306}, 
   {1.0037759317960182, 1.098742361165432, 0.6825420466564618}, 
   {1.2674471562325773, 1.3303668134469477, 0.4173817639863895}, 
   {1.382543683171295, 1.4136732368146543, 0.7512037110219747}, 
   {1.3367252610195957, 1.242135148448326, 0.6418398554950557}, 
   {1.0849137385098446, 1.011138938473772, 0.5941042681636008}, 
   {1.247772980284242, 1.2686747042761992, 0.9381490035971563}, 
   {1.2769161639825493, 1.0751273020889, 0.7800372215743108}, 
   {1.105556886595535, 1.003869971504324, 0.3021182475337647}, 
   {1.4185867275335724, 1.360140346271296, 0.9805813304681099}, 
   {1.2721989713014366, 1.023645354274692, 0.15398793090693674}, 
   {1.016886676902892, 1.2319583330069275, 0.031894637914212653}, 
   {1.1459844536247719, 1.1229728241275243, 0.3903634636712625}, 
   {1.167949302700446, 1.4337879296119196, 0.989506971221424}, 
   {1.1128422258966588, 1.3175806712529032, 0.9765085276376608}, 
   {1.1931779310855708, 1.2497582755283214, 0.36609937716312535}, 
   {1.0315837472375926, 1.1581756194964477, 0.955163655587689}, 
   {1.086559144852914, 1.047978568839093, 0.2843754272147385}, 
   {1.3294464280986298, 1.4951295556713857, 0.9852771425772122}, 
   {1.2513741949377448, 1.1721921622487643, 0.5841282046355598}, 
   {1.2282092859689981, 1.2261776913586568, 0.3819841880153103}, 
   {1.0111890215851782, 1.3379432484266722, 0.682857286937663}, 
   {1.3380496001875666, 1.4924265755187385, 0.5153670431055144}}
"function range for u values ="{-5, 5}
"swarm parameters at initialization:"
  {{1.2333009256514034, 1.3551441303655865, 0.20723154622965656}, 
   {1.1926276334208272, 1.48347120532718, 0.17072194883341263}, 
   {1.4125544905245802, 1.0343386941474633, 0.6913495823704199}, 
   {1.039317526237131, 1.3605431139380628, 0.5139062263121577}, 
   {1.0264609209024766, 1.4795321897805165, 0.5890026080506972}, 
   {1.2217152307351218, 1.278670351942012, 0.8412495419419481}, 
   {1.280718303292915, 1.4044091696080847, 0.7425349560362509}, 
   {1.013107309217739, 1.392433169718036, 0.9644344607402093}, 
   {1.3492585670545267, 1.308643816801387, 0.9225405301406451}, 
   {1.055499794422115, 1.349941389300036, 0.39246963905227905}, 
   {1.1636658756171459, 1.115302436764839, 0.186358157920677}, 
   {1.2195281569438388, 1.4246391731664596, 0.9878529560951621}, 
   {1.4149348590534343, 1.298982826136161, 0.03435599766159969}, 
   {1.2498473889594444, 1.1228542998680338, 0.40390926991959675}, 
   {1.2792054550564769, 1.3362888948909037, 0.5867590792836137}, 
   {1.0562198322862337, 1.4122452428250614, 0.5345545494028026}, 
   {1.1673100936977943, 1.1313961541945863, 0.8269481819159497}, 
   {1.08437592894748, 1.2698847586901985, 0.3835757424457673}, 
   {1.1299138743839234, 1.4607458257662498, 0.01882769598022227}, 
   {1.2269268035388845, 1.055796802509357, 0.39242924489918574}, 
   {1.020077487030869, 1.3057215542792355, 0.7355744707177538}, 
   {1.0918980987333322, 1.2005911314779176, 0.4712603798019577}, 
   {1.4305270569568587, 1.0344137287826787, 0.03940281819499125}, 
   {1.253848774633341, 1.4212071605990926, 0.36967430669850065}, 
   {1.1231915322243202, 1.273805241213661, 0.6230574702590836}, 
   {1.468287499613186, 1.206732496559412, 0.6320053900921601}, 
   {1.4775240508584626, 1.3026035732757717, 0.10540475590913001}, 
   {1.01545359836009, 1.31355879095242, 0.20206034693315922}, 
   {1.257675896749933, 1.2785110336928676, 0.9675819599948878}, 
   {1.249897895075583, 1.4126621653388436, 0.3500932014642921}}
"fun5 produced the minimum value of pts"
{1.4408535265933335, 1.4765430457856423, 0.7512291789482534}
4126.387874196698
