"swarm parameters at initialization:"
  {{1.0180470902946728, 1.0602264151456284, 0.626836518692744}, 
   {1.1764978549260943, 1.345519489694627, 0.8048267793316912}}
"outputFromOuterPSO with considering the all function"
"Complete output from outer PSO : "
  {{1.1163858204028494, 1.3638738325739894, 0.40254289666760773}, 
   {{1.2204113257223073, 1.4458410750383397, 0.3255585535717919}, 
    {1.2858057546003296, 1.2905520639534422, 0.31877557881067925}, 
    {1.4092663524041356, 1.1485924173205575, 0.5990865719482839}, 
    {1.1163858204028494, 1.3638738325739894, 0.40254289666760773}, 
    {1.1163858204028494, 1.3638738325739894, 0.40254289666760773}}, 
   {19842.7804740519, 19199.217980803125, 12915.502939232936, 
    10183.03345950694, 10183.03345950694}, 
   {14835.310218608496, 14835.310218608494}, 
   {{1.20916117386902, 1.2643721350560966, 0.09268911839617466}, 
    {1.4144891865639355, 1.2461764634559387, 0.16362546082632579}}}
"History of best pts value : "{19842.7804740519, 19199.217980803125, 
   12915.502939232936, 10183.03345950694, 10183.03345950694}
"Pts values at all positions : "{14835.310218608496, 14835.310218608494}
"Minimum value of pts detected : "14835.310218608494
"Position of best pts value particle in the swarm : "{{2}}
"all parameters position : "{{1.20916117386902, 1.2643721350560966, 
    0.09268911839617466}, {1.4144891865639355, 1.2461764634559387, 
    0.16362546082632579}}
"Parameters for minimun values of pts : "
  {1.4144891865639355, 1.2461764634559387, 0.16362546082632579}
"----------Section with calculation of min pts using set of test \
functions---------"
"function range for u values ="{-5, 5}
"swarm parameters at initialization:"
  {{1.235140008744894, 1.3400483818339537, 0.6911235458373497}, 
   {1.4048375526362002, 1.434345755675237, 0.9372251479737073}, 
   {1.4358795429581221, 1.3493015458039395, 0.8347468131318083}, 
   {1.4589812183256645, 1.220861256039209, 0.30952117735700724}, 
   {1.4083888830028921, 1.0666303653139684, 0.597746608009698}, 
   {1.2620083264780184, 1.4570930318156572, 0.14558151328337066}, 
   {1.0933655909223596, 1.3468525287426405, 0.46401520406989816}, 
   {1.2630334118923556, 1.425431111070316, 0.7827358505875781}, 
   {1.115265088114337, 1.2020462510259238, 0.3793179245748497}, 
   {1.3648474960707593, 1.062216337389672, 0.47754405570345604}, 
   {1.240249744956387, 1.1070006664011096, 0.34083380123777696}, 
   {1.1758528010031126, 1.3829009981170646, 0.6371275756360475}, 
   {1.1795117417903995, 1.2947330204236245, 0.01754835056027937}, 
   {1.4572162568034126, 1.0129258021382639, 0.6978233988213005}, 
   {1.01170839840898, 1.4285148135309889, 0.2731440865291044}, 
   {1.3942117993671141, 1.1181959762263531, 0.2959169031602469}, 
   {1.2345408289628819, 1.4899844070304793, 0.7752944641496642}, 
   {1.2360193539326194, 1.3666224124884665, 0.38680277459710477}, 
   {1.3424674921123843, 1.1955237608595397, 0.15504237648047492}, 
   {1.4367271068924214, 1.0323537300359789, 0.9036635109367341}, 
   {1.03642412831834, 1.2864061425136357, 0.9047300342267588}, 
   {1.20269582257186, 1.0398389500816836, 0.7900909720408431}, 
   {1.148041432106302, 1.0998863996924437, 0.7446294302813454}, 
   {1.1337814608834713, 1.1357758013018362, 0.9276724821938134}, 
   {1.263873061449778, 1.1441675687906812, 0.5187818692479969}, 
   {1.452385408867602, 1.2825788216668337, 0.910983672279353}, 
   {1.3498495055044997, 1.216324283399131, 0.1063905850876592}, 
   {1.1939679650569577, 1.4354831758398416, 0.8414011277793327}, 
   {1.1080434995531787, 1.4936217565077445, 0.11225623707018584}, 
   {1.116383556560125, 1.1720066482915934, 0.7630942612856897}}
"function range for u values ="{-5, 5}
"swarm parameters at initialization:"
  {{1.285184203977829, 1.4924835042011444, 0.32488485260048616}, 
   {1.0800716039589968, 1.2127916388738564, 0.560599966797346}, 
   {1.0015222324525246, 1.486677873102848, 0.882643239235589}, 
   {1.1794408546123805, 1.4603154161368712, 0.34375763836244433}, 
   {1.089304032888258, 1.3367630424762917, 0.2644484892927301}, 
   {1.2053962782904026, 1.214154548542398, 0.39087735759959785}, 
   {1.4168570514834986, 1.1543224711300684, 0.3092564723383924}, 
   {1.2102893033951818, 1.1299398818804156, 0.02932132396474496}, 
   {1.3096367328314886, 1.2979627123446786, 0.6919718053702348}, 
   {1.0481277898520887, 1.2674611723946851, 0.09757314149252538}, 
   {1.374404621096805, 1.2390676030319991, 0.5742420431401987}, 
   {1.4565816225118786, 1.3997778144840045, 0.7061699742651126}, 
   {1.4709240329725288, 1.256530052860846, 0.3456942643998151}, 
   {1.0475232233490104, 1.2199975184366938, 0.4586002325340661}, 
   {1.3557696376953816, 1.1232553977613335, 0.8623932377127999}, 
   {1.4561247110252222, 1.4621974025793978, 0.38257267410978746}, 
   {1.4600391986980896, 1.0547671273076118, 0.8962254610815066}, 
   {1.4635920652560215, 1.362285190918668, 0.7388456785192994}, 
   {1.1832582378621077, 1.210703200099369, 0.5282045012930199}, 
   {1.153232773623036, 1.3401788191295685, 0.6468888757013735}, 
   {1.4973285704866874, 1.0250031663076824, 0.08290782108510641}, 
   {1.1517413966907801, 1.184896867992809, 0.04292626594147997}, 
   {1.3904229743308871, 1.3314526687073087, 0.49284536719545535}, 
   {1.0010887139548814, 1.0529537715897943, 0.8654096043706749}, 
   {1.051415814379669, 1.2965301903491415, 0.5244789480881706}, 
   {1.1561741409254473, 1.1117589040530906, 0.48083953178283334}, 
   {1.158606704034888, 1.3241022443527863, 0.40330981702980573}, 
   {1.2041205987288048, 1.3196472064840392, 0.1592972987493706}, 
   {1.3714904301480053, 1.4341558712241151, 0.795436992683261}, 
   {1.3981726155703158, 1.1663791412227114, 0.7434293111776547}}
"function range for u values ="{0, 5}
"swarm parameters at initialization:"
  {{1.248834150459567, 1.0276087478223659, 0.6026560677738579}, 
   {1.3035599064365617, 1.3961632230065542, 0.5477382789806717}, 
   {1.082566189666314, 1.1521512310358712, 0.3681534029863316}, 
   {1.088338290932997, 1.0219025189636306, 0.9031391950842527}, 
   {1.1245740268785334, 1.3379818298514068, 0.3199997675169186}, 
   {1.0661779548077277, 1.1362632102395633, 0.8216186690737233}, 
   {1.0254868225529599, 1.3370654969996205, 0.5062092376425937}, 
   {1.4507726249569635, 1.4437942073882986, 0.7048481588644702}, 
   {1.4377899113599688, 1.0996393682550096, 0.260008897004234}, 
   {1.1892780163973347, 1.0711533133845494, 0.5839741173944226}, 
   {1.3213337767361142, 1.2206332361059093, 0.7831555033771633}, 
   {1.1434883856595803, 1.2239898429728457, 0.8895180565432721}, 
   {1.1362899597697238, 1.2349839352466552, 0.7114808367912939}, 
   {1.0187183672056055, 1.187258504119984, 0.22187804774876319}, 
   {1.4357600972827402, 1.3422411118876125, 0.2312805360618433}, 
   {1.029752037345962, 1.3472714893754425, 0.8088696920999141}, 
   {1.2417719078144462, 1.2718257431469489, 0.3813607059381956}, 
   {1.3576085801051758, 1.3017759440841314, 0.9796606814171311}, 
   {1.4664024587430458, 1.155409762137766, 0.9905398023328911}, 
   {1.2664983969089876, 1.3908471760154066, 0.5090532920828017}, 
   {1.3767362856012906, 1.2183916894019862, 0.8570027903317878}, 
   {1.0966189347012376, 1.181814155515893, 0.7428232485045452}, 
   {1.3721626706073775, 1.4015761255634915, 0.804296195249526}, 
   {1.0362456916192273, 1.2116121641364228, 0.23276361247708488}, 
   {1.2209411968172754, 1.1845056350882297, 0.4946593358627491}, 
   {1.4887829670184014, 1.220707780326188, 0.3019357694036695}, 
   {1.2724458648480277, 1.1872789279867528, 0.723193054512391}, 
   {1.274028653116329, 1.0582054236810352, 0.31664909496823457}, 
   {1.066560137173397, 1.036980931330016, 0.6639147919931465}, 
   {1.407696814311028, 1.372140345560596, 0.8351586855252198}}
"function range for u values ="{-5, 5}
"swarm parameters at initialization:"
  {{1.4243533768981327, 1.3253334331219968, 0.4662732632806339}, 
   {1.3959215229946367, 1.0337478175365908, 0.9076010936067151}, 
   {1.053310191374305, 1.3957768099301573, 0.5720076305371509}, 
   {1.1474164439077916, 1.2838281135500513, 0.15021854502972398}, 
   {1.2410421328373284, 1.0985794862053249, 0.9630864303376518}, 
   {1.062892074242254, 1.3055568381535494, 0.15988965331904792}, 
   {1.459809869570075, 1.0580555480278142, 0.9448225589996826}, 
   {1.4811188610368085, 1.3914479093383023, 0.05454657786244921}, 
   {1.0714683419508182, 1.263295996698667, 0.5645874079034474}, 
   {1.2167743414372163, 1.2319660073858114, 0.16349253852692702}, 
   {1.2353629935331631, 1.224560619462424, 0.5926953853113024}, 
   {1.312747006473506, 1.1348229391968898, 0.2832631194148476}, 
   {1.4830698656325385, 1.4426185715405242, 0.7553768820195377}, 
   {1.224103845090882, 1.441771225590192, 0.43566446064545095}, 
   {1.2303213818485106, 1.0475702587595288, 0.4039748726432635}, 
   {1.14778678959315, 1.137225840872531, 0.7633160586003478}, 
   {1.4258624185480233, 1.1828410876529594, 0.009532794392528743}, 
   {1.3877134044058956, 1.1890113793784942, 0.3141064831627032}, 
   {1.2638916593018896, 1.336862003590284, 0.2622117043983594}, 
   {1.3095419605525516, 1.4055312952660048, 0.814327902425354}, 
   {1.3859833688430179, 1.0346275859461904, 0.8088185228023257}, 
   {1.4134677698958762, 1.248034907774594, 0.19045061346653314}, 
   {1.1686018143750934, 1.3259418834377152, 0.47681069581172686}, 
   {1.0835893076661482, 1.2109055618781572, 0.9113216096437318}, 
   {1.2960886663747297, 1.1249784335545001, 0.8371263231986592}, 
   {1.4485101819200183, 1.4479220907322228, 0.8443249832303166}, 
   {1.217584575073066, 1.4687237899890233, 0.42067358336501015}, 
   {1.4239182319902062, 1.31194598469226, 0.7259723782475274}, 
   {1.2580894369065454, 1.0015869416846943, 0.38817077511076126}, 
   {1.1649096991298116, 1.165692853664247, 0.058921158907604854}}
"function range for u values ="{-5, 5}
"swarm parameters at initialization:"
  {{1.3585613994375842, 1.4780876416500988, 0.3068421134971353}, 
   {1.2747439232100204, 1.2775653499888966, 0.7428291921297816}, 
   {1.2966153868271038, 1.4751934959756545, 0.9759146149345865}, 
   {1.4985818840346312, 1.2718092790992066, 0.237665029880332}, 
   {1.0820740377169622, 1.2406099946304208, 0.4439322408055515}, 
   {1.0304698942150161, 1.0729194704022613, 0.29829518722718307}, 
   {1.2923126834450145, 1.4368551256665771, 0.6905734986203795}, 
   {1.0578598465860853, 1.1748467277320158, 0.31371120127587915}, 
   {1.041407591006156, 1.136385186807495, 0.6199651260838999}, 
   {1.203449242855163, 1.1451242947171587, 0.24252884810320352}, 
   {1.4532731705408897, 1.4868348625863796, 0.7552273326228736}, 
   {1.3057180915320439, 1.4810250880780784, 0.48616966984121257}, 
   {1.3025136747191381, 1.3203489115294103, 0.5952384911406956}, 
   {1.2256390366030496, 1.0828931276567242, 0.9003499979568157}, 
   {1.2319950728868645, 1.3862118608727902, 0.8058446370460111}, 
   {1.1121833922130437, 1.2384701625218792, 0.005338111397839684}, 
   {1.4645954050085617, 1.1665880203073185, 0.38826407601773294}, 
   {1.2858604589336677, 1.3574201214020631, 0.08853189019681862}, 
   {1.4040303378817032, 1.4884873747082983, 0.1929727717210472}, 
   {1.083065779289361, 1.0887714667642772, 0.8514924892483822}, 
   {1.0006054659922552, 1.4307559442278874, 0.3213790118101476}, 
   {1.0017755647998046, 1.1680154771303153, 0.9511475569266146}, 
   {1.099753412991584, 1.340323596104214, 0.9544945437849635}, 
   {1.3456953718317206, 1.423739786448039, 0.28757415324532887}, 
   {1.32616232386123, 1.114809997323242, 0.1741599999585799}, 
   {1.3247606161017753, 1.3759068618108188, 0.3540592854785791}, 
   {1.1933160818434803, 1.4535893391910422, 0.5683119127182306}, 
   {1.0421435939936847, 1.3360456664099063, 0.08688368787171363}, 
   {1.1600740641283762, 1.440021079217233, 0.9364571328232956}, 
   {1.3042907247697564, 1.00144845040189, 0.17362989165144627}}
"function range for u values ="{-5, 5}
"swarm parameters at initialization:"
  {{1.0709552189873812, 1.0932404998744396, 0.8565487263573901}, 
   {1.4782566646546385, 1.3686846733335862, 0.016521994627853198}, 
   {1.2475229371708472, 1.163331528566562, 0.9294557190095278}, 
   {1.0366592524086329, 1.3241026134571046, 0.8899832229127915}, 
   {1.2825261564401966, 1.1904948383019245, 0.36050209070107186}, 
   {1.2965258283153678, 1.4499269041102791, 0.5599564852876624}, 
   {1.4751942377487834, 1.2330187321314088, 0.47915490834526553}, 
   {1.0570415541902443, 1.419385941007564, 0.28969652392997336}, 
   {1.3877417086838255, 1.0651654112760163, 0.8004037634094512}, 
   {1.4851708437990752, 1.3790688458875275, 0.5057091751730074}, 
   {1.1995616385526553, 1.1848083439263934, 0.8890695989480575}, 
   {1.2900472311406295, 1.4658313823674254, 0.13417335641477401}, 
   {1.4127827685062835, 1.0644651968728054, 0.9451686210411732}, 
   {1.0742276303699752, 1.3966604305412953, 0.7681061437632413}, 
   {1.364065423385762, 1.0574884174457886, 0.28892290274621724}, 
   {1.4806902133738735, 1.4417781295512913, 0.2714844149800495}, 
   {1.186142938232561, 1.4261523079841574, 0.1317134184786215}, 
   {1.0747274948676744, 1.094528691571861, 0.27347564825592796}, 
   {1.2747390087188062, 1.391180889713025, 0.36932735798251226}, 
   {1.3109112538964744, 1.2811623985090583, 0.8467189812505955}, 
   {1.2643076934267823, 1.4123773046159023, 0.5677085334884859}, 
   {1.034501945765809, 1.0790904418918976, 0.13167764686712058}, 
   {1.2143918583423206, 1.0896287879382407, 0.8449418858864575}, 
   {1.1119387656144744, 1.055831120468788, 0.7429787737165277}, 
   {1.2457028385407942, 1.273599555464691, 0.008709562856169528}, 
   {1.4457407452061237, 1.3440204881271853, 0.40619869675003395}, 
   {1.0015673843234518, 1.1198211054214937, 0.39755660386640446}, 
   {1.001309163411972, 1.044784308806316, 0.36715994482818237}, 
   {1.4054108098437705, 1.012930718429234, 0.6503887919266256}, 
   {1.2644737253978398, 1.3821718467674944, 0.6948543027373755}}
"function range for u values ="{-5, 5}
"swarm parameters at initialization:"
  {{1.3155322045917308, 1.0130353892946102, 0.8376620638932142}, 
   {1.3757250815979094, 1.0703451185739798, 0.6811088342453253}, 
   {1.4150720111303698, 1.405939965295006, 0.6193512343988676}, 
   {1.452996408352621, 1.4791349475447697, 0.6615374365793956}, 
   {1.3047261523952232, 1.0300791166753518, 0.9240765665906876}, 
   {1.2155811931175284, 1.3713225055304652, 0.26235802050777135}, 
   {1.2919173620690627, 1.083360606283875, 0.3358141581924132}, 
   {1.0115839758164413, 1.0175184691115868, 0.23218214877195487}, 
   {1.2651590037999032, 1.454425810806025, 0.2441430102124713}, 
   {1.419658667075816, 1.455312061385725, 0.9949895225898409}, 
   {1.191784694064198, 1.3593027280739145, 0.7675963853948868}, 
   {1.040671044782166, 1.2434155649492311, 0.4042431601385883}, 
   {1.3159498393015843, 1.4562281148629677, 0.11947085255525836}, 
   {1.447100915796669, 1.2173310575529128, 0.895524550722586}, 
   {1.0388876074506996, 1.4310322447456847, 0.552094510196973}, 
   {1.4164796319403958, 1.3407016664505043, 0.8338216441001576}, 
   {1.2016492362893163, 1.1432160009641745, 0.864176984911406}, 
   {1.481866542579972, 1.0262557529737646, 0.9193714581575121}, 
   {1.0627236381101817, 1.4061518612347474, 0.5262662950383417}, 
   {1.1455178639832186, 1.3618190377519324, 0.9722716001059428}, 
   {1.378293435005749, 1.330592206585353, 0.26013281194195104}, 
   {1.1141845568006123, 1.0489293706415501, 0.31307375392961934}, 
   {1.070450186130547, 1.1436361672296456, 0.30881321423347274}, 
   {1.4293488642114682, 1.2248991323887557, 0.11399744625560193}, 
   {1.0604726109093803, 1.2684764234048078, 0.47631510770396757}, 
   {1.3712310759108988, 1.0077430878428044, 0.2402491122721928}, 
   {1.1602247556906446, 1.3342926029826394, 0.4358039424413058}, 
   {1.39088030007647, 1.2616131369042942, 0.5368400801451287}, 
   {1.3324281206669717, 1.1803348529728508, 0.5697782566050973}, 
   {1.2603014125249037, 1.427091089496746, 0.7653644668198165}}
"fun3 produced the minimum value of pts"
{1.266811326544775, 1.1657176379142513, 0.37874429464654213}
3314.0090692428944
